{
  "results": [
    {
      "test_id": "build:pico",
      "environment": "pico",
      "returncode": 0,
      "stdout": "Processing pico (platform: raspberrypi; board: rpipico2; framework: arduino)\n--------------------------------------------------------------------------------\nVerbose mode can be enabled via `-v, --verbose` option\nCONFIGURATION: https://docs.platformio.org/page/boards/raspberrypi/rpipico2.html\nPLATFORM: Raspberry Pi RP2040 (1.14.0+sha.5e4e06b) > Pico 2\nHARDWARE: RP2350 150MHz, 512KB RAM, 4MB Flash\nDEBUG: Current (blackmagic) External (blackmagic, cmsis-dap, jlink, picoprobe, raspberrypi-swd)\nPACKAGES: \n - framework-arduinopico @ 1.40200.0+sha.c4b6521 \n - tool-picotool-rp2040-earlephilhower @ 5.140200.240929 (14.2.0) \n - toolchain-rp2040-earlephilhower @ 5.140200.240929 (14.2.0)\nFlash size: 4.00MB\nSketch size: 3.87MB\nFilesystem size: 0.12MB\nPSRAM size: 0.00MB\nMaximium Sketch size: 4059136 EEPROM start: 0x103ff000 Filesystem start: 0x103df000 Filesystem end: 0x103ff000\nLDF: Library Dependency Finder -> https://bit.ly/configure-pio-ldf\nLDF Modes: Finder ~ chain, Compatibility ~ soft\nFound 75 compatible libraries\nScanning dependencies...\nDependency Graph\n|-- Ethernet @ 2.0.2\n|-- SparkFun u-blox GNSS Arduino Library @ 2.2.27+sha.4e542ba\n|-- OLED SSD1306 - SH1106 @ 1.0.7+sha.f29660f\n|-- QZQSM @ 1.3.0+sha.b5542a8\n|-- QZSSDCX @ 1.0.0+sha.5aef035\n|-- RTClib @ 2.1.4\n|-- ArduinoJson @ 6.21.5\n|-- LittleFS @ 0.1.0\n|-- EEPROM @ 1.0\n|-- SPI @ 1.0\n|-- Wire @ 1.0\nBuilding in release mode\nRetrieving maximum program size .pio/build/pico/firmware.elf\nFlash size: 4.00MB\nSketch size: 3.87MB\nFilesystem size: 0.12MB\nPSRAM size: 0.00MB\nMaximium Sketch size: 4059136 EEPROM start: 0x103ff000 Filesystem start: 0x103df000 Filesystem end: 0x103ff000\nChecking size .pio/build/pico/firmware.elf\nAdvanced Memory Usage is available via \"PlatformIO Home > Project Inspect\"\nRAM:   [          ]   4.1% (used 21336 bytes from 524288 bytes)\nFlash: [=         ]  11.2% (used 454384 bytes from 4059136 bytes)\nBuilding .pio/build/pico/firmware.bin.signed\n========================= [SUCCESS] Took 0.89 seconds =========================\n\nEnvironment    Status    Duration\n-------------  --------  ------------\npico           SUCCESS   00:00:00.892\n========================= 1 succeeded in 00:00:00.892 =========================\n",
      "stderr": "",
      "duration": 1.4140269756317139,
      "status": "passed"
    },
    {
      "test_id": "native",
      "environment": "native",
      "filter": null,
      "returncode": 1,
      "stdout": "Verbosity level can be increased via `-v, -vv, or -vvv` option\nCollected 14 tests\n\nProcessing test_display_manager_simple in native environment\n--------------------------------------------------------------------------------\nBuilding...\nTesting...\ntest/test_display_manager_simple/test_display_manager_simple.cpp:609: test_display_manager_initialization\t[PASSED]\ntest/test_display_manager_simple/test_display_manager_simple.cpp:610: test_display_manager_i2c_fallback\t[PASSED]\ntest/test_display_manager_simple/test_display_manager_simple.cpp:611: test_display_manager_mode_switching\t[PASSED]\ntest/test_display_manager_simple/test_display_manager_simple.cpp:612: test_display_manager_gps_time_display\t[PASSED]\ntest/test_display_manager_simple/test_display_manager_simple.cpp:613: test_display_manager_satellites_display\t[PASSED]\ntest/test_display_manager_simple/test_display_manager_simple.cpp:614: test_display_manager_ntp_stats_display\t[PASSED]\ntest/test_display_manager_simple/test_display_manager_simple.cpp:615: test_display_manager_system_status_display\t[PASSED]\ntest/test_display_manager_simple/test_display_manager_simple.cpp:616: test_display_manager_error_handling\t[PASSED]\ntest/test_display_manager_simple/test_display_manager_simple.cpp:617: test_display_manager_sleep_wake\t[PASSED]\ntest/test_display_manager_simple/test_display_manager_simple.cpp:618: test_display_manager_initialization_failure\t[PASSED]\ntest/test_display_manager_simple/test_display_manager_simple.cpp:619: test_display_manager_invalid_gps_data\t[PASSED]\n-------- native:test_display_manager_simple [PASSED] Took 0.56 seconds --------\n\nProcessing test_time_utils_coverage in native environment\n--------------------------------------------------------------------------------\nBuilding...\nTesting...\ntest/test_time_utils_coverage/test_time_utils_coverage.cpp:298: test_timeutils_unix_to_ntp_timestamp_conversion\t[PASSED]\ntest/test_time_utils_coverage/test_time_utils_coverage.cpp:299: test_timeutils_ntp_to_unix_time_conversion\t[PASSED]\ntest/test_time_utils_coverage/test_time_utils_coverage.cpp:302: test_timeutils_overflow_underflow_boundary_values\t[PASSED]\ntest/test_time_utils_coverage/test_time_utils_coverage.cpp:305: test_timeutils_precision_time_difference_calculation\t[PASSED]\ntest/test_time_utils_coverage/test_time_utils_coverage.cpp:308: test_timeutils_leap_second_timezone_daylight_handling\t[PASSED]\ntest/test_time_utils_coverage/test_time_utils_coverage.cpp:311: test_timeutils_ntp_timestamp_precision_levels\t[PASSED]\ntest/test_time_utils_coverage/test_time_utils_coverage.cpp:314: test_timeutils_time_sync_quality_evaluation\t[PASSED]\ntest/test_time_utils_coverage/test_time_utils_coverage.cpp:317: test_timeutils_ntp_short_format_conversion\t[PASSED]\ntest/test_time_utils_coverage/test_time_utils_coverage.cpp:320: test_timeutils_time_string_formatting\t[PASSED]\ntest/test_time_utils_coverage/test_time_utils_coverage.cpp:323: test_timeutils_get_current_micros_precision_overflow\t[PASSED]\ntest/test_time_utils_coverage/test_time_utils_coverage.cpp:326: test_timeutils_error_handling_abnormal_values\t[PASSED]\n---------- native:test_time_utils_coverage [PASSED] Took 0.59 seconds ----------\n\nProcessing test_time_manager_simple in native environment\n--------------------------------------------------------------------------------\nBuilding...\nTesting...\ntest/test_time_manager_simple/test_time_manager_simple.cpp:592: test_time_manager_initialization\t[PASSED]\ntest/test_time_manager_simple/test_time_manager_simple.cpp:593: test_time_manager_gps_synchronization\t[PASSED]\ntest/test_time_manager_simple/test_time_manager_simple.cpp:594: test_time_manager_unix_time_conversion\t[PASSED]\ntest/test_time_manager_simple/test_time_manager_simple.cpp:595: test_time_manager_microsecond_precision\t[PASSED]\ntest/test_time_manager_simple/test_time_manager_simple.cpp:596: test_time_manager_pps_signal_processing\t[PASSED]\ntest/test_time_manager_simple/test_time_manager_simple.cpp:597: test_time_manager_gps_loss_fallback\t[PASSED]\ntest/test_time_manager_simple/test_time_manager_simple.cpp:598: test_time_manager_rtc_failure\t[PASSED]\ntest/test_time_manager_simple/test_time_manager_simple.cpp:599: test_time_manager_time_difference\t[PASSED]\ntest/test_time_manager_simple/test_time_manager_simple.cpp:600: test_time_manager_invalid_gps_data\t[PASSED]\ntest/test_time_manager_simple/test_time_manager_simple.cpp:601: test_time_manager_stratum_level_management\t[PASSED]\ntest/test_time_manager_simple/test_time_manager_simple.cpp:602: test_time_manager_time_accuracy\t[PASSED]\ntest/test_time_manager_simple/test_time_manager_simple.cpp:603: test_time_manager_edge_cases\t[PASSED]\n---------- native:test_time_manager_simple [PASSED] Took 0.54 seconds ----------\n\nProcessing test_config_manager_coverage_simple in native environment\n--------------------------------------------------------------------------------\nBuilding...\nTesting...\ntest/test_config_manager_coverage_simple/test_config_manager_coverage_simple.cpp:623: test_config_manager_initialization\t[PASSED]\ntest/test_config_manager_coverage_simple/test_config_manager_coverage_simple.cpp:624: test_config_manager_validation\t[PASSED]\ntest/test_config_manager_coverage_simple/test_config_manager_coverage_simple.cpp:625: test_config_manager_persistence\t[PASSED]\ntest/test_config_manager_coverage_simple/test_config_manager_coverage_simple.cpp:626: test_config_manager_factory_reset\t[PASSED]\ntest/test_config_manager_coverage_simple/test_config_manager_coverage_simple.cpp:627: test_config_manager_storage_failure\t[PASSED]\ntest/test_config_manager_coverage_simple/test_config_manager_coverage_simple.cpp:628: test_config_manager_corruption_detection\t[PASSED]\ntest/test_config_manager_coverage_simple/test_config_manager_coverage_simple.cpp:629: test_config_manager_json_serialization\t[PASSED]\ntest/test_config_manager_coverage_simple/test_config_manager_coverage_simple.cpp:630: test_config_manager_json_error_handling\t[PASSED]\n---- native:test_config_manager_coverage_simple [PASSED] Took 0.54 seconds ----\n\nProcessing test_i2c_utils_simple in native environment\n--------------------------------------------------------------------------------\nBuilding...\nTesting...\ntest/test_i2c_utils_simple/test_i2c_utils_simple.cpp:428: test_i2c_utils_initialization\t[PASSED]\ntest/test_i2c_utils_simple/test_i2c_utils_simple.cpp:429: test_i2c_utils_device_scanning\t[PASSED]\ntest/test_i2c_utils_simple/test_i2c_utils_simple.cpp:430: test_i2c_utils_data_writing\t[PASSED]\ntest/test_i2c_utils_simple/test_i2c_utils_simple.cpp:431: test_i2c_utils_data_reading\t[PASSED]\ntest/test_i2c_utils_simple/test_i2c_utils_simple.cpp:432: test_i2c_utils_device_presence\t[PASSED]\ntest/test_i2c_utils_simple/test_i2c_utils_simple.cpp:433: test_i2c_utils_register_operations\t[PASSED]\ntest/test_i2c_utils_simple/test_i2c_utils_simple.cpp:434: test_i2c_utils_error_handling\t[PASSED]\ntest/test_i2c_utils_simple/test_i2c_utils_simple.cpp:435: test_i2c_utils_retry_mechanism\t[PASSED]\ntest/test_i2c_utils_simple/test_i2c_utils_simple.cpp:436: test_i2c_utils_error_conditions\t[PASSED]\n----------- native:test_i2c_utils_simple [PASSED] Took 0.57 seconds -----------\n\nProcessing test_log_utils_arduino in native environment\n--------------------------------------------------------------------------------\nBuilding...\nTesting...\ntest/test_log_utils_arduino/test_log_utils_arduino.cpp:218: test_logutils_basic_log_levels\t[PASSED]\ntest/test_log_utils_arduino/test_log_utils_arduino.cpp:219: test_logutils_formatted_logging\t[PASSED]\ntest/test_log_utils_arduino/test_log_utils_arduino.cpp:220: test_logutils_null_service_handling\t[PASSED]\ntest/test_log_utils_arduino/test_log_utils_arduino.cpp:221: test_logutils_null_parameter_handling\t[PASSED]\ntest/test_log_utils_arduino/test_log_utils_arduino.cpp:222: test_logutils_multiple_log_levels\t[PASSED]\n----------- native:test_log_utils_arduino [PASSED] Took 0.56 seconds -----------\n\nProcessing test_config_manager_simple in native environment\n--------------------------------------------------------------------------------\nBuilding...\nTesting...\ntest/test_config_manager_simple/test_config_manager_simple.cpp:460: test_config_manager_initialization\t[PASSED]\ntest/test_config_manager_simple/test_config_manager_simple.cpp:461: test_config_manager_validation\t[PASSED]\ntest/test_config_manager_simple/test_config_manager_simple.cpp:462: test_config_manager_persistence\t[PASSED]\ntest/test_config_manager_simple/test_config_manager_simple.cpp:463: test_config_manager_factory_reset\t[PASSED]\ntest/test_config_manager_simple/test_config_manager_simple.cpp:464: test_config_manager_storage_failure\t[PASSED]\ntest/test_config_manager_simple/test_config_manager_simple.cpp:465: test_config_manager_corruption_detection\t[PASSED]\ntest/test_config_manager_simple/test_config_manager_simple.cpp:466: test_config_manager_individual_setters\t[PASSED]\n--------- native:test_config_manager_simple [PASSED] Took 0.56 seconds ---------\n\nProcessing test_log_utils_simple in native environment\n--------------------------------------------------------------------------------\nBuilding...\nTesting...\ntest/test_log_utils_simple/test_log_utils_simple.cpp:122: test_logutils_basic_functionality\t[PASSED]\ntest/test_log_utils_simple/test_log_utils_simple.cpp:123: test_logutils_null_handling\t[PASSED]\ntest/test_log_utils_simple/test_log_utils_simple.cpp:124: test_logutils_multiple_calls\t[PASSED]\n----------- native:test_log_utils_simple [PASSED] Took 0.56 seconds -----------\n\nProcessing test_integration_extended in native environment\n--------------------------------------------------------------------------------\nBuilding...\nTesting...\ntest/test_integration_extended/test_integration_extended.cpp:608: test_integration_full_system_normal_operation\t[PASSED]\ntest/test_integration_extended/test_integration_extended.cpp:609: test_integration_gps_failure_rtc_fallback\t[PASSED]\ntest/test_integration_extended/test_integration_extended.cpp:610: test_integration_network_failure_cascade\t[PASSED]\ntest/test_integration_extended/test_integration_extended.cpp:611: test_integration_critical_storage_failure\t[PASSED]\ntest/test_integration_extended/test_integration_extended.cpp:612: test_integration_multiple_component_failures\t[PASSED]\ntest/test_integration_extended/test_integration_extended.cpp:615: test_integration_gps_recovery_scenario\t[PASSED]\ntest/test_integration_extended/test_integration_extended.cpp:616: test_integration_network_recovery_cascade\t[PASSED]\ntest/test_integration_extended/test_integration_extended.cpp:619: test_integration_performance_normal_load\t[PASSED]\ntest/test_integration_extended/test_integration_extended.cpp:620: test_integration_performance_high_load\t[PASSED]\ntest/test_integration_extended/test_integration_extended.cpp:621: test_integration_performance_memory_pressure\t[PASSED]\ntest/test_integration_extended/test_integration_extended.cpp:624: test_integration_cross_component_communication\t[PASSED]\ntest/test_integration_extended/test_integration_extended.cpp:625: test_integration_system_resilience_stress_test\t[PASSED]\n--------- native:test_integration_extended [PASSED] Took 0.57 seconds ---------\n\nProcessing test_main_simple in native environment\n--------------------------------------------------------------------------------\nBuilding...\nTesting...\ntest/test_main_simple/test_main_simple.cpp:427: test_main_setup_normal_initialization\t[PASSED]\ntest/test_main_simple/test_main_simple.cpp:428: test_main_setup_i2c_oled_failure\t[PASSED]\ntest/test_main_simple/test_main_simple.cpp:429: test_main_setup_gps_failure_rtc_fallback\t[PASSED]\ntest/test_main_simple/test_main_simple.cpp:432: test_main_loop_basic_operations\t[PASSED]\ntest/test_main_simple/test_main_simple.cpp:433: test_main_loop_pps_signal_processing\t[PASSED]\ntest/test_main_simple/test_main_simple.cpp:434: test_main_loop_system_status_updates\t[PASSED]\ntest/test_main_simple/test_main_simple.cpp:435: test_main_loop_error_state_handling\t[PASSED]\ntest/test_main_simple/test_main_simple.cpp:436: test_main_loop_button_processing\t[PASSED]\ntest/test_main_simple/test_main_simple.cpp:439: test_main_system_integration\t[PASSED]\ntest/test_main_simple/test_main_simple.cpp:440: test_main_timing_and_performance\t[PASSED]\n-------------- native:test_main_simple [PASSED] Took 0.56 seconds --------------\n\nProcessing test_error_handler_simple in native environment\n--------------------------------------------------------------------------------\nBuilding...\nTesting...\ntest/test_error_handler_simple/test_error_handler_simple.cpp:188: test_error_handler_basic_functionality\t[PASSED]\ntest/test_error_handler_simple/test_error_handler_simple.cpp:189: test_error_handler_error_type_classification\t[PASSED]\ntest/test_error_handler_simple/test_error_handler_simple.cpp:190: test_error_handler_null_handling\t[PASSED]\ntest/test_error_handler_simple/test_error_handler_simple.cpp:191: test_error_handler_severity_threshold\t[PASSED]\n--------- native:test_error_handler_simple [PASSED] Took 0.56 seconds ---------\n\nProcessing disabled/test_display_manager_coverage in native environment\n--------------------------------------------------------------------------------\nBuilding...\n\nProcessing test_time_utils_simple in native environment\n--------------------------------------------------------------------------------\nBuilding...\nTesting...\ntest/test_time_utils_simple/test_time_utils_simple.cpp:266: test_timeutils_unix_to_ntp_conversion\t[PASSED]\ntest/test_time_utils_simple/test_time_utils_simple.cpp:267: test_timeutils_ntp_to_unix_conversion\t[PASSED]\ntest/test_time_utils_simple/test_time_utils_simple.cpp:268: test_timeutils_time_formatting\t[PASSED]\ntest/test_time_utils_simple/test_time_utils_simple.cpp:269: test_timeutils_time_difference_calculation\t[PASSED]\ntest/test_time_utils_simple/test_time_utils_simple.cpp:270: test_timeutils_leap_year_calculation\t[PASSED]\ntest/test_time_utils_simple/test_time_utils_simple.cpp:271: test_timeutils_precision_calculation\t[PASSED]\ntest/test_time_utils_simple/test_time_utils_simple.cpp:272: test_timeutils_precise_ntp_timestamp\t[PASSED]\ntest/test_time_utils_simple/test_time_utils_simple.cpp:273: test_timeutils_time_sync_quality\t[PASSED]\ntest/test_time_utils_simple/test_time_utils_simple.cpp:274: test_timeutils_ntp_short_format\t[PASSED]\ntest/test_time_utils_simple/test_time_utils_simple.cpp:275: test_timeutils_get_current_micros\t[PASSED]\ntest/test_time_utils_simple/test_time_utils_simple.cpp:276: test_timeutils_error_handling\t[PASSED]\n----------- native:test_time_utils_simple [PASSED] Took 0.53 seconds -----------\n\nProcessing test_system_controller_simple in native environment\n--------------------------------------------------------------------------------\nBuilding...\nTesting...\ntest/test_system_controller_simple/test_system_controller_simple.cpp:280: test_system_controller_initialization\t[PASSED]\ntest/test_system_controller_simple/test_system_controller_simple.cpp:281: test_system_controller_state_transitions\t[PASSED]\ntest/test_system_controller_simple/test_system_controller_simple.cpp:282: test_system_controller_service_health\t[PASSED]\ntest/test_system_controller_simple/test_system_controller_simple.cpp:283: test_system_controller_error_state\t[PASSED]\n------- native:test_system_controller_simple [PASSED] Took 0.56 seconds -------\n\n",
      "stderr": "test/disabled/test_time_manager_coverage.cpp:65:13: error: redefinition of 'Wire1' with a different type: 'MockTwoWire' vs 'MockWire'\n   65 | MockTwoWire Wire1;\n      |             ^\ntest/arduino_mock.h:182:17: note: previous declaration is here\n  182 | extern MockWire Wire1;\n      |                 ^\ntest/disabled/test_time_manager_coverage.cpp:385:29: error: no viable conversion from 'DateTime' to 'const MockDateTime'\n  385 |                 rtc->adjust(gpsDateTime);\n      |                             ^~~~~~~~~~~\ntest/disabled/test_time_manager_coverage.cpp:68:7: note: candidate constructor (the implicit copy constructor) not viable: no known conversion from 'DateTime' to 'const MockDateTime &' for 1st argument\n   68 | class MockDateTime {\n      |       ^~~~~~~~~~~~\ntest/disabled/test_time_manager_coverage.cpp:68:7: note: candidate constructor (the implicit move constructor) not viable: no known conversion from 'DateTime' to 'MockDateTime &&' for 1st argument\n   68 | class MockDateTime {\n      |       ^~~~~~~~~~~~\ntest/disabled/test_time_manager_coverage.cpp:92:37: note: passing argument to parameter 'dt' here\n   92 |     void adjust(const MockDateTime& dt) { \n      test/disabled/test_i2c_utils_coverage.cpp:106:85: error: too many arguments to function call, expected at most 4, have 5\n|                                     ^\n  106 |     bool result = I2CUtils::initializeBus(mock_wire, sda_pin, scl_pin, clock_speed, true);\n      |                   ~~~~~~~~~~~~~~~~~~~~~~~                                           ^~~~\ntest/disabled/test_i2c_utils_coverage.cpp:71:17: note: 'initializeBus' declared here\n   71 |     static bool initializeBus(MockTwoWire& wire, uint8_t sda_pin, uint8_t scl_pin, uint32_t clock_speed = 100000) {\n      |                 ^             ~~~~~~~~~~~~~~~~~~~~~~~~~~~~~~~~~~~~~~~~~~~~~~~~~~~~~~~~~~~~~~~~~~~~~~~~~~~~~~~~~~\ntest/disabled/test_i2c_utils_coverage.cpp:121:35: error: no member named 'testDevice' in 'I2CUtils'\n  121 |     bool device_found = I2CUtils::testDevice(mock_wire, 0x42, 3);\n      |                         ~~~~~~~~~~^\n2 errors generated.\ntest/disabled/test_network_manager_coverage.cpp:743:39: error: 'INIT_START' is a private member of 'NetworkManager'\n  743 |     TEST_ASSERT_EQUAL(NetworkManager::INIT_START, asyncManager.getInitState());\n      |                                       ^\ntest/disabled/test_network_manager_coverage.cpp:189:9: note: declared private here\n  189 |         INIT_START,\n      |         ^\ntest/disabled/test_i2c_utils_coverage.cpp:126:39: error: no member named 'testDevice' in 'I2CUtils'\n  126 |     bool device_not_found = I2CUtils::testDevice(mtest/disabled/test_network_manager_coverage.cpp:757:39: error: 'INIT_COMPLETE' is a private member of 'NetworkManager'\n  757 |     TEST_ASSERT_EQUAL(NetworkMaonager::INIT_COMcPk_LwiErTeE,,  0axsyncManager.getInitSt9a9t,e (3)));;\n\n            | |                                       ^\ntest/disabled/test_network_manager_coverage.cpp:195:9: note: declared private here\n  195 |         INIT_COMP                            ~~~~~~~~~~^\nLETE\n      |         ^\n2 errors generated.\ntest/disabled/test_i2c_utils_coverage.cpp:134:41: error: no member named 'testDevice' in 'I2CUtils'\n  134 |     bool device_found_retry = I2CUtils::testDevice(mock_wire, 0x42, 2);\n      |                               ~~~~~~~~~~^\n*** [.pio/build/native/test/disabled/test_time_manager_coverage.o] Error 1\ntest/disabled/test_i2c_utils_coverage.cpp:144:15: error: no type named 'I2CResult' in 'I2CUtils'\n  144 |     I2CUtils::I2CResult timeout_result = I2CUtils::safeRead(mock_wire, 0x42, 0x00, nullptr, 1, 1);\n      |     ~~~~~~~~~~^\ntest/disabled/test_i2c_utils_coverage.cpp:144:52: error: no member named 'safeRead' in 'I2CUtils'\n  144 |     I2CUtils::I2CResult timeout_result = I2CUtils::safeRead(mock_wire, 0x42, 0x00, nullptr, 1, 1);\n      |                                          ~~~~~~~~~~^\n*** [.pio/build/native/test/disabled/test_network_manager_coverage.o] Error 1\ntest/disabled/test_i2c_utils_coverage.cpp:145:33: error: no member named 'I2C_ERROR_OTHER' in 'I2CUtils'\n  145 |     TEST_ASSERT_EQUAL(I2CUtils::I2C_ERROR_OTHER, timeout_result); // Due to null buffer\n      |                       ~~~~~~~~~~^\n.pio/libdeps/native/Unity/src/unity.h:392:129: note: expanded from macro 'TEST_ASSERT_EQUAL'\n  392 | #define TEST_ASSERT_EQUAL(expected, actual)                                                        UNITY_TEST_ASSERT_EQUAL_INT((expected), (actual), __LINE__, NULL)\n      |                                                                                                                                 ^~~~~~~~\n.pio/libdeps/native/Unity/src/unity_internals.h:883:133: note: expanded from macro 'UNITY_TEST_ASSERT_EQUAL_INT'\n  883 | #define UNITY_TEST_ASSERT_EQUAL_INT(expected, actual, line, message)                             UnityAssertEqualNumber((UNITY_INT)(expected), (UNITY_INT)(actual), (message), (UNITY_LINE_TYPE)(line), UNITY_DISPLAY_STYLE_INT)\n      |                                                                                                                                     ^~~~~~~~\ntest/disabled/test_i2c_utils_coverage.cpp:150:15: error: no type named 'I2CResult' in 'I2CUtils'\n  150 |     I2CUtils::I2CResult nack_result = I2CUtils::safeRead(mock_wire, 0x42, 0x00, buffer, 4, 1);\n      |     ~~~~~~~~~~^\ntest/disabled/test_i2c_utils_coverage.cpp:150:49: error: no member named 'safeRead' in 'I2CUtils'\n  150 |     I2CUtils::I2CResult nack_result = I2CUtils::safeRead(mock_wire, 0x42, 0x00, buffer, 4, 1);\n      |                                       ~~~~~~~~~~^\ntest/disabled/test_i2c_utils_coverage.cpp:151:33: error: no member named 'I2C_ERROR_ADDRESS_NACK' in 'I2CUtils'\n  151 |     TEST_ASSERT_EQUAL(I2CUtils::I2C_ERROR_ADDRESS_NACK, nack_result);\n      |                       ~~~~~~~~~~^\n.pio/libdeps/native/Unity/src/unity.h:392:129: note: expanded from macro 'TEST_ASSERT_EQUAL'\n  392 | #define TEST_ASSERT_EQUAL(expected, actual)                                                        UNITY_TEST_ASSERT_EQUAL_INT((expected), (actual), __LINE__, NULL)\n      |                                                                                                                                 ^~~~~~~~\n.pio/libdeps/native/Unity/src/unity_internals.h:883:133: note: expanded from macro 'UNITY_TEST_ASSERT_EQUAL_INT'\n  883 | #define UNITY_TEST_ASSERT_EQUAL_INT(expected, actual, line, message)                             UnityAssertEqualNumber((UNITY_INT)(expected), (UNITY_INT)(actual), (message), (UNITY_LINE_TYPE)(line), UNITY_DISPLAY_STYLE_INT)\n      |                                                                                                                                     ^~~~~~~~\ntest/disabled/test_i2c_utils_coverage.cpp:155:25: error: use of undeclared identifier 'data_nack_result'; did you mean 'nack_result'?\n  155 |     I2CUtils::I2CResult data_nack_result = I2CUtils::safeRead(mock_wire, 0x42, 0x00, buffer, 4, 1);\n      |                         ^~~~~~~~~~~~~~~~\n      |                         nack_result\ntest/disabled/test_i2c_utils_coverage.cpp:150:25: note: 'nack_result' declared here\n  150 |     I2CUtils::I2CResult nack_result = I2CUtils::safeRead(mock_wire, 0x42, 0x00, buffer, 4, 1);\n      |                         ^\ntest/disabled/test_i2c_utils_coverage.cpp:155:24: error: expected ';' after expression\n  155 |     I2CUtils::I2CResult data_nack_result = I2CUtils::safeRead(mock_wire, 0x42, 0x00, buffer, 4, 1);\n      |                        ^\n      |                        ;\ntest/disabled/test_i2c_utils_coverage.cpp:155:15: error: no member named 'I2CResult' in 'I2CUtils'\n  155 |     I2CUtils::I2CResult data_nack_result = I2CUtils::safeRead(mock_wire, 0x42, 0x00, buffer, 4, 1);\n      |     ~~~~~~~~~~^\ntest/disabled/test_i2c_utils_coverage.cpp:155:54: error: no member named 'safeRead' in 'I2CUtils'\n  155 |     I2CUtils::I2CResult data_nack_result = I2CUtils::safeRead(mock_wire, 0x42, 0x00, buffer, 4, 1);\n      |                                            ~~~~~~~~~~^\ntest/disabled/test_i2c_utils_coverage.cpp:156:54: error: use of undeclared identifier 'data_nack_result'; did you mean 'nack_result'?\n  156 |     TEST_ASSERT_EQUAL(I2CUtils::I2C_ERROR_DATA_NACK, data_nack_result);\n      |                                                      ^~~~~~~~~~~~~~~~\n      |                                                      nack_result\n.pio/libdeps/native/Unity/src/unity.h:392:141: note: expanded from macro 'TEST_ASSERT_EQUAL'\n  392 | #define TEST_ASSERT_EQUAL(expected, actual)                                                        UNITY_TEST_ASSERT_EQUAL_INT((expected), (actual), __LINE__, NULL)\n      |                                                                                                                                             ^\n.pio/libdeps/native/Unity/src/unity_internals.h:883:156: note: expanded from macro 'UNITY_TEST_ASSERT_EQUAL_INT'\n  883 | #define UNITY_TEST_ASSERT_EQUAL_INT(expected, actual, line, message)                             UnityAssertEqualNumber((UNITY_INT)(expected), (UNITY_INT)(actual), (message), (UNITY_LINE_TYPE)(line), UNITY_DISPLAY_STYLE_INT)\n      |                                                                                                                                                            ^\ntest/disabled/test_i2c_utils_coverage.cpp:150:25: note: 'nack_result' declared here\n  150 |     I2CUtils::I2CResult nack_result = I2CUtils::safeRead(mock_wire, 0x42, 0x00, buffer, 4, 1);\n      |                         ^\ntest/disabled/test_i2c_utils_coverage.cpp:156:33: error: no member named 'I2C_ERROR_DATA_NACK' in 'I2CUtils'\n  156 |     TEST_ASSERT_EQUAL(I2CUtils::I2C_ERROR_DATA_NACK, data_nack_result);\n      |                       ~~~~~~~~~~^\n.pio/libdeps/native/Unity/src/unity.h:392:129: note: expanded from macro 'TEST_ASSERT_EQUAL'\n  392 | #define TEST_ASSERT_EQUAL(expected, actual)                                                        UNITY_TEST_ASSERT_EQUAL_INT((expected), (actual), __LINE__, NULL)\n      |                                                                                                                                 ^~~~~~~~\n.pio/libdeps/native/Unity/src/unity_internals.h:883:133: note: expanded from macro 'UNITY_TEST_ASSERT_EQUAL_INT'\n  883 | #define UNITY_TEST_ASSERT_EQUAL_INT(expected, actual, line, message)                             UnityAssertEqualNumber((UNITY_INT)(expected), (UNITY_INT)(actual), (message), (UNITY_LINE_TYPE)(line), UNITY_DISPLAY_STYLE_INT)\n      |                                                                                                                                     ^~~~~~~~\ntest/disabled/test_i2c_utils_coverage.cpp:160:15: error: no type named 'I2CResult' in 'I2CUtils'\n  160 |     I2CUtils::I2CResult overflow_result = I2CUtils::safeRead(mock_wire, 0x42, 0x00, buffer, 4, 1);\n      |     ~~~~~~~~~~^\ntest/disabled/test_i2c_utils_coverage.cpp:160:53: error: no member named 'safeRead' in 'I2CUtils'\n  160 |     I2CUtils::I2CResult overflow_result = I2CUtils::safeRead(mock_wire, 0x42, 0x00, buffer, 4, 1);\n      |                                           ~~~~~~~~~~^\ntest/disabled/test_i2c_utils_coverage.cpp:161:33: error: no member named 'I2C_ERROR_BUFFER_OVERFLOW' in 'I2CUtils'\n  161 |     TEST_ASSERT_EQUAL(I2CUtils::I2C_ERROR_BUFFER_OVERFLOW, overflow_result);\n      |                       ~~~~~~~~~~^\n.pio/libdeps/native/Unity/src/unity.h:392:129: note: expanded from macro 'TEST_ASSERT_EQUAL'\n  392 | #define TEST_ASSERT_EQUAL(expected, actual)                                                        UNITY_TEST_ASSERT_EQUAL_INT((expected), (actual), __LINE__, NULL)\n      |                                                                                                                                 ^~~~~~~~\n.pio/libdeps/native/Unity/src/unity_internals.h:883:133: note: expanded from macro 'UNITY_TEST_ASSERT_EQUAL_INT'\n  883 | #define UNITY_TEST_ASSERT_EQUAL_INT(expected, actual, line, message)                             UnityAssertEqualNumber((UNITY_INT)(expected), (UNITY_INT)(actual), (message), (UNITY_LINE_TYPE)(line), UNITY_DISPLAY_STYLE_INT)\n      |                                                                                                                                     ^~~~~~~~\nfatal error: too many errors emitted, stopping now [-ferror-limit=]\n20 errors generated.\n*** [.pio/build/native/test/disabled/test_i2c_utils_coverage.o] Error 1\nBuilding stage has failed, see errors above. Use `pio test -vvv` option to enable verbose output.\n-- native:disabled/test_display_manager_coverage [ERRORED] Took 0.52 seconds --\n=================================== SUMMARY ===================================\nEnvironment    Test                                    Status    Duration\n-------------  --------------------------------------  --------  ------------\nnative         test_display_manager_simple             PASSED    00:00:00.561\nnative         test_time_utils_coverage                PASSED    00:00:00.592\nnative         test_time_manager_simple                PASSED    00:00:00.537\nnative         test_config_manager_coverage_simple     PASSED    00:00:00.545\nnative         test_i2c_utils_simple                   PASSED    00:00:00.571\nnative         test_log_utils_arduino                  PASSED    00:00:00.563\nnative         test_config_manager_simple              PASSED    00:00:00.561\nnative         test_log_utils_simple                   PASSED    00:00:00.562\nnative         test_integration_extended               PASSED    00:00:00.572\nnative         test_main_simple                        PASSED    00:00:00.558\nnative         test_error_handler_simple               PASSED    00:00:00.562\nnative         disabled/test_display_manager_coverage  ERRORED   00:00:00.517\nnative         test_time_utils_simple                  PASSED    00:00:00.529\nnative         test_system_controller_simple           PASSED    00:00:00.560\n================ 108 test cases: 107 succeeded in 00:00:07.788 ================\n",
      "duration": 8.117412090301514,
      "status": "failed",
      "start_time": 1754864759.804307,
      "end_time": 1754864767.921719
    },
    {
      "test_id": "test_native",
      "environment": "test_native",
      "filter": null,
      "returncode": 0,
      "stdout": "Verbosity level can be increased via `-v, -vv, or -vvv` option\nCollected 14 tests\n\nProcessing test_display_manager_simple in test_native environment\n--------------------------------------------------------------------------------\nBuilding...\nTesting...\ntest/test_display_manager_simple/test_display_manager_simple.cpp:609: test_display_manager_initialization\t[PASSED]\ntest/test_display_manager_simple/test_display_manager_simple.cpp:610: test_display_manager_i2c_fallback\t[PASSED]\ntest/test_display_manager_simple/test_display_manager_simple.cpp:611: test_display_manager_mode_switching\t[PASSED]\ntest/test_display_manager_simple/test_display_manager_simple.cpp:612: test_display_manager_gps_time_display\t[PASSED]\ntest/test_display_manager_simple/test_display_manager_simple.cpp:613: test_display_manager_satellites_display\t[PASSED]\ntest/test_display_manager_simple/test_display_manager_simple.cpp:614: test_display_manager_ntp_stats_display\t[PASSED]\ntest/test_display_manager_simple/test_display_manager_simple.cpp:615: test_display_manager_system_status_display\t[PASSED]\ntest/test_display_manager_simple/test_display_manager_simple.cpp:616: test_display_manager_error_handling\t[PASSED]\ntest/test_display_manager_simple/test_display_manager_simple.cpp:617: test_display_manager_sleep_wake\t[PASSED]\ntest/test_display_manager_simple/test_display_manager_simple.cpp:618: test_display_manager_initialization_failure\t[PASSED]\ntest/test_display_manager_simple/test_display_manager_simple.cpp:619: test_display_manager_invalid_gps_data\t[PASSED]\n------ test_native:test_display_manager_simple [PASSED] Took 0.52 seconds ------\n\nProcessing test_time_utils_coverage in test_native environment\n--------------------------------------------------------------------------------\nBuilding...\nTesting...\ntest/test_time_utils_coverage/test_time_utils_coverage.cpp:298: test_timeutils_unix_to_ntp_timestamp_conversion\t[PASSED]\ntest/test_time_utils_coverage/test_time_utils_coverage.cpp:299: test_timeutils_ntp_to_unix_time_conversion\t[PASSED]\ntest/test_time_utils_coverage/test_time_utils_coverage.cpp:302: test_timeutils_overflow_underflow_boundary_values\t[PASSED]\ntest/test_time_utils_coverage/test_time_utils_coverage.cpp:305: test_timeutils_precision_time_difference_calculation\t[PASSED]\ntest/test_time_utils_coverage/test_time_utils_coverage.cpp:308: test_timeutils_leap_second_timezone_daylight_handling\t[PASSED]\ntest/test_time_utils_coverage/test_time_utils_coverage.cpp:311: test_timeutils_ntp_timestamp_precision_levels\t[PASSED]\ntest/test_time_utils_coverage/test_time_utils_coverage.cpp:314: test_timeutils_time_sync_quality_evaluation\t[PASSED]\ntest/test_time_utils_coverage/test_time_utils_coverage.cpp:317: test_timeutils_ntp_short_format_conversion\t[PASSED]\ntest/test_time_utils_coverage/test_time_utils_coverage.cpp:320: test_timeutils_time_string_formatting\t[PASSED]\ntest/test_time_utils_coverage/test_time_utils_coverage.cpp:323: test_timeutils_get_current_micros_precision_overflow\t[PASSED]\ntest/test_time_utils_coverage/test_time_utils_coverage.cpp:326: test_timeutils_error_handling_abnormal_values\t[PASSED]\n------- test_native:test_time_utils_coverage [PASSED] Took 0.53 seconds -------\n\nProcessing test_time_manager_simple in test_native environment\n--------------------------------------------------------------------------------\nBuilding...\nTesting...\ntest/test_time_manager_simple/test_time_manager_simple.cpp:592: test_time_manager_initialization\t[PASSED]\ntest/test_time_manager_simple/test_time_manager_simple.cpp:593: test_time_manager_gps_synchronization\t[PASSED]\ntest/test_time_manager_simple/test_time_manager_simple.cpp:594: test_time_manager_unix_time_conversion\t[PASSED]\ntest/test_time_manager_simple/test_time_manager_simple.cpp:595: test_time_manager_microsecond_precision\t[PASSED]\ntest/test_time_manager_simple/test_time_manager_simple.cpp:596: test_time_manager_pps_signal_processing\t[PASSED]\ntest/test_time_manager_simple/test_time_manager_simple.cpp:597: test_time_manager_gps_loss_fallback\t[PASSED]\ntest/test_time_manager_simple/test_time_manager_simple.cpp:598: test_time_manager_rtc_failure\t[PASSED]\ntest/test_time_manager_simple/test_time_manager_simple.cpp:599: test_time_manager_time_difference\t[PASSED]\ntest/test_time_manager_simple/test_time_manager_simple.cpp:600: test_time_manager_invalid_gps_data\t[PASSED]\ntest/test_time_manager_simple/test_time_manager_simple.cpp:601: test_time_manager_stratum_level_management\t[PASSED]\ntest/test_time_manager_simple/test_time_manager_simple.cpp:602: test_time_manager_time_accuracy\t[PASSED]\ntest/test_time_manager_simple/test_time_manager_simple.cpp:603: test_time_manager_edge_cases\t[PASSED]\n------- test_native:test_time_manager_simple [PASSED] Took 0.54 seconds -------\n\nProcessing test_config_manager_coverage_simple in test_native environment\n--------------------------------------------------------------------------------\nBuilding...\nTesting...\ntest/test_config_manager_coverage_simple/test_config_manager_coverage_simple.cpp:623: test_config_manager_initialization\t[PASSED]\ntest/test_config_manager_coverage_simple/test_config_manager_coverage_simple.cpp:624: test_config_manager_validation\t[PASSED]\ntest/test_config_manager_coverage_simple/test_config_manager_coverage_simple.cpp:625: test_config_manager_persistence\t[PASSED]\ntest/test_config_manager_coverage_simple/test_config_manager_coverage_simple.cpp:626: test_config_manager_factory_reset\t[PASSED]\ntest/test_config_manager_coverage_simple/test_config_manager_coverage_simple.cpp:627: test_config_manager_storage_failure\t[PASSED]\ntest/test_config_manager_coverage_simple/test_config_manager_coverage_simple.cpp:628: test_config_manager_corruption_detection\t[PASSED]\ntest/test_config_manager_coverage_simple/test_config_manager_coverage_simple.cpp:629: test_config_manager_json_serialization\t[PASSED]\ntest/test_config_manager_coverage_simple/test_config_manager_coverage_simple.cpp:630: test_config_manager_json_error_handling\t[PASSED]\n-- test_native:test_config_manager_coverage_simple [PASSED] Took 0.54 seconds --\n\nProcessing test_i2c_utils_simple in test_native environment\n--------------------------------------------------------------------------------\nBuilding...\nTesting...\ntest/test_i2c_utils_simple/test_i2c_utils_simple.cpp:428: test_i2c_utils_initialization\t[PASSED]\ntest/test_i2c_utils_simple/test_i2c_utils_simple.cpp:429: test_i2c_utils_device_scanning\t[PASSED]\ntest/test_i2c_utils_simple/test_i2c_utils_simple.cpp:430: test_i2c_utils_data_writing\t[PASSED]\ntest/test_i2c_utils_simple/test_i2c_utils_simple.cpp:431: test_i2c_utils_data_reading\t[PASSED]\ntest/test_i2c_utils_simple/test_i2c_utils_simple.cpp:432: test_i2c_utils_device_presence\t[PASSED]\ntest/test_i2c_utils_simple/test_i2c_utils_simple.cpp:433: test_i2c_utils_register_operations\t[PASSED]\ntest/test_i2c_utils_simple/test_i2c_utils_simple.cpp:434: test_i2c_utils_error_handling\t[PASSED]\ntest/test_i2c_utils_simple/test_i2c_utils_simple.cpp:435: test_i2c_utils_retry_mechanism\t[PASSED]\ntest/test_i2c_utils_simple/test_i2c_utils_simple.cpp:436: test_i2c_utils_error_conditions\t[PASSED]\n--------- test_native:test_i2c_utils_simple [PASSED] Took 0.57 seconds ---------\n\nProcessing test_log_utils_arduino in test_native environment\n--------------------------------------------------------------------------------\nBuilding...\nTesting...\ntest/test_log_utils_arduino/test_log_utils_arduino.cpp:218: test_logutils_basic_log_levels\t[PASSED]\ntest/test_log_utils_arduino/test_log_utils_arduino.cpp:219: test_logutils_formatted_logging\t[PASSED]\ntest/test_log_utils_arduino/test_log_utils_arduino.cpp:220: test_logutils_null_service_handling\t[PASSED]\ntest/test_log_utils_arduino/test_log_utils_arduino.cpp:221: test_logutils_null_parameter_handling\t[PASSED]\ntest/test_log_utils_arduino/test_log_utils_arduino.cpp:222: test_logutils_multiple_log_levels\t[PASSED]\n-------- test_native:test_log_utils_arduino [PASSED] Took 0.56 seconds --------\n\nProcessing test_config_manager_simple in test_native environment\n--------------------------------------------------------------------------------\nBuilding...\nTesting...\ntest/test_config_manager_simple/test_config_manager_simple.cpp:460: test_config_manager_initialization\t[PASSED]\ntest/test_config_manager_simple/test_config_manager_simple.cpp:461: test_config_manager_validation\t[PASSED]\ntest/test_config_manager_simple/test_config_manager_simple.cpp:462: test_config_manager_persistence\t[PASSED]\ntest/test_config_manager_simple/test_config_manager_simple.cpp:463: test_config_manager_factory_reset\t[PASSED]\ntest/test_config_manager_simple/test_config_manager_simple.cpp:464: test_config_manager_storage_failure\t[PASSED]\ntest/test_config_manager_simple/test_config_manager_simple.cpp:465: test_config_manager_corruption_detection\t[PASSED]\ntest/test_config_manager_simple/test_config_manager_simple.cpp:466: test_config_manager_individual_setters\t[PASSED]\n------ test_native:test_config_manager_simple [PASSED] Took 0.57 seconds ------\n\nProcessing test_log_utils_simple in test_native environment\n--------------------------------------------------------------------------------\nBuilding...\nTesting...\ntest/test_log_utils_simple/test_log_utils_simple.cpp:122: test_logutils_basic_functionality\t[PASSED]\ntest/test_log_utils_simple/test_log_utils_simple.cpp:123: test_logutils_null_handling\t[PASSED]\ntest/test_log_utils_simple/test_log_utils_simple.cpp:124: test_logutils_multiple_calls\t[PASSED]\n--------- test_native:test_log_utils_simple [PASSED] Took 0.56 seconds ---------\n\nProcessing test_integration_extended in test_native environment\n--------------------------------------------------------------------------------\nBuilding...\nTesting...\ntest/test_integration_extended/test_integration_extended.cpp:608: test_integration_full_system_normal_operation\t[PASSED]\ntest/test_integration_extended/test_integration_extended.cpp:609: test_integration_gps_failure_rtc_fallback\t[PASSED]\ntest/test_integration_extended/test_integration_extended.cpp:610: test_integration_network_failure_cascade\t[PASSED]\ntest/test_integration_extended/test_integration_extended.cpp:611: test_integration_critical_storage_failure\t[PASSED]\ntest/test_integration_extended/test_integration_extended.cpp:612: test_integration_multiple_component_failures\t[PASSED]\ntest/test_integration_extended/test_integration_extended.cpp:615: test_integration_gps_recovery_scenario\t[PASSED]\ntest/test_integration_extended/test_integration_extended.cpp:616: test_integration_network_recovery_cascade\t[PASSED]\ntest/test_integration_extended/test_integration_extended.cpp:619: test_integration_performance_normal_load\t[PASSED]\ntest/test_integration_extended/test_integration_extended.cpp:620: test_integration_performance_high_load\t[PASSED]\ntest/test_integration_extended/test_integration_extended.cpp:621: test_integration_performance_memory_pressure\t[PASSED]\ntest/test_integration_extended/test_integration_extended.cpp:624: test_integration_cross_component_communication\t[PASSED]\ntest/test_integration_extended/test_integration_extended.cpp:625: test_integration_system_resilience_stress_test\t[PASSED]\n------- test_native:test_integration_extended [PASSED] Took 0.56 seconds -------\n\nProcessing test_main_simple in test_native environment\n--------------------------------------------------------------------------------\nBuilding...\nTesting...\ntest/test_main_simple/test_main_simple.cpp:427: test_main_setup_normal_initialization\t[PASSED]\ntest/test_main_simple/test_main_simple.cpp:428: test_main_setup_i2c_oled_failure\t[PASSED]\ntest/test_main_simple/test_main_simple.cpp:429: test_main_setup_gps_failure_rtc_fallback\t[PASSED]\ntest/test_main_simple/test_main_simple.cpp:432: test_main_loop_basic_operations\t[PASSED]\ntest/test_main_simple/test_main_simple.cpp:433: test_main_loop_pps_signal_processing\t[PASSED]\ntest/test_main_simple/test_main_simple.cpp:434: test_main_loop_system_status_updates\t[PASSED]\ntest/test_main_simple/test_main_simple.cpp:435: test_main_loop_error_state_handling\t[PASSED]\ntest/test_main_simple/test_main_simple.cpp:436: test_main_loop_button_processing\t[PASSED]\ntest/test_main_simple/test_main_simple.cpp:439: test_main_system_integration\t[PASSED]\ntest/test_main_simple/test_main_simple.cpp:440: test_main_timing_and_performance\t[PASSED]\n----------- test_native:test_main_simple [PASSED] Took 0.54 seconds -----------\n\nProcessing test_error_handler_simple in test_native environment\n--------------------------------------------------------------------------------\nBuilding...\nTesting...\ntest/test_error_handler_simple/test_error_handler_simple.cpp:188: test_error_handler_basic_functionality\t[PASSED]\ntest/test_error_handler_simple/test_error_handler_simple.cpp:189: test_error_handler_error_type_classification\t[PASSED]\ntest/test_error_handler_simple/test_error_handler_simple.cpp:190: test_error_handler_null_handling\t[PASSED]\ntest/test_error_handler_simple/test_error_handler_simple.cpp:191: test_error_handler_severity_threshold\t[PASSED]\n------- test_native:test_error_handler_simple [PASSED] Took 0.51 seconds -------\n\nProcessing test_time_utils_simple in test_native environment\n--------------------------------------------------------------------------------\nBuilding...\nTesting...\ntest/test_time_utils_simple/test_time_utils_simple.cpp:266: test_timeutils_unix_to_ntp_conversion\t[PASSED]\ntest/test_time_utils_simple/test_time_utils_simple.cpp:267: test_timeutils_ntp_to_unix_conversion\t[PASSED]\ntest/test_time_utils_simple/test_time_utils_simple.cpp:268: test_timeutils_time_formatting\t[PASSED]\ntest/test_time_utils_simple/test_time_utils_simple.cpp:269: test_timeutils_time_difference_calculation\t[PASSED]\ntest/test_time_utils_simple/test_time_utils_simple.cpp:270: test_timeutils_leap_year_calculation\t[PASSED]\ntest/test_time_utils_simple/test_time_utils_simple.cpp:271: test_timeutils_precision_calculation\t[PASSED]\ntest/test_time_utils_simple/test_time_utils_simple.cpp:272: test_timeutils_precise_ntp_timestamp\t[PASSED]\ntest/test_time_utils_simple/test_time_utils_simple.cpp:273: test_timeutils_time_sync_quality\t[PASSED]\ntest/test_time_utils_simple/test_time_utils_simple.cpp:274: test_timeutils_ntp_short_format\t[PASSED]\ntest/test_time_utils_simple/test_time_utils_simple.cpp:275: test_timeutils_get_current_micros\t[PASSED]\ntest/test_time_utils_simple/test_time_utils_simple.cpp:276: test_timeutils_error_handling\t[PASSED]\n-------- test_native:test_time_utils_simple [PASSED] Took 0.56 seconds --------\n\nProcessing test_system_controller_simple in test_native environment\n--------------------------------------------------------------------------------\nBuilding...\nTesting...\ntest/test_system_controller_simple/test_system_controller_simple.cpp:280: test_system_controller_initialization\t[PASSED]\ntest/test_system_controller_simple/test_system_controller_simple.cpp:281: test_system_controller_state_transitions\t[PASSED]\ntest/test_system_controller_simple/test_system_controller_simple.cpp:282: test_system_controller_service_health\t[PASSED]\ntest/test_system_controller_simple/test_system_controller_simple.cpp:283: test_system_controller_error_state\t[PASSED]\n----- test_native:test_system_controller_simple [PASSED] Took 0.63 seconds -----\n\n=================================== SUMMARY ===================================\nEnvironment    Test                                 Status    Duration\n-------------  -----------------------------------  --------  ------------\ntest_native    test_display_manager_simple          PASSED    00:00:00.524\ntest_native    test_time_utils_coverage             PASSED    00:00:00.534\ntest_native    test_time_manager_simple             PASSED    00:00:00.544\ntest_native    test_config_manager_coverage_simple  PASSED    00:00:00.543\ntest_native    test_i2c_utils_simple                PASSED    00:00:00.565\ntest_native    test_log_utils_arduino               PASSED    00:00:00.558\ntest_native    test_config_manager_simple           PASSED    00:00:00.571\ntest_native    test_log_utils_simple                PASSED    00:00:00.559\ntest_native    test_integration_extended            PASSED    00:00:00.563\ntest_native    test_main_simple                     PASSED    00:00:00.537\ntest_native    test_error_handler_simple            PASSED    00:00:00.508\ntest_native    test_time_utils_simple               PASSED    00:00:00.557\ntest_native    test_system_controller_simple        PASSED    00:00:00.627\n================ 107 test cases: 107 succeeded in 00:00:07.189 ================\n",
      "stderr": "",
      "duration": 7.427109718322754,
      "status": "passed",
      "start_time": 1754864761.218336,
      "end_time": 1754864768.6454458
    }
  ],
  "summary": {
    "total_tests": 3,
    "passed_tests": 2,
    "failed_tests": 1,
    "error_tests": 0,
    "success_rate": 66.66666666666666,
    "total_duration": 16.95854878425598,
    "average_duration": 5.652849594751994,
    "fastest_test": {
      "test_id": "build:pico",
      "environment": "pico",
      "returncode": 0,
      "stdout": "Processing pico (platform: raspberrypi; board: rpipico2; framework: arduino)\n--------------------------------------------------------------------------------\nVerbose mode can be enabled via `-v, --verbose` option\nCONFIGURATION: https://docs.platformio.org/page/boards/raspberrypi/rpipico2.html\nPLATFORM: Raspberry Pi RP2040 (1.14.0+sha.5e4e06b) > Pico 2\nHARDWARE: RP2350 150MHz, 512KB RAM, 4MB Flash\nDEBUG: Current (blackmagic) External (blackmagic, cmsis-dap, jlink, picoprobe, raspberrypi-swd)\nPACKAGES: \n - framework-arduinopico @ 1.40200.0+sha.c4b6521 \n - tool-picotool-rp2040-earlephilhower @ 5.140200.240929 (14.2.0) \n - toolchain-rp2040-earlephilhower @ 5.140200.240929 (14.2.0)\nFlash size: 4.00MB\nSketch size: 3.87MB\nFilesystem size: 0.12MB\nPSRAM size: 0.00MB\nMaximium Sketch size: 4059136 EEPROM start: 0x103ff000 Filesystem start: 0x103df000 Filesystem end: 0x103ff000\nLDF: Library Dependency Finder -> https://bit.ly/configure-pio-ldf\nLDF Modes: Finder ~ chain, Compatibility ~ soft\nFound 75 compatible libraries\nScanning dependencies...\nDependency Graph\n|-- Ethernet @ 2.0.2\n|-- SparkFun u-blox GNSS Arduino Library @ 2.2.27+sha.4e542ba\n|-- OLED SSD1306 - SH1106 @ 1.0.7+sha.f29660f\n|-- QZQSM @ 1.3.0+sha.b5542a8\n|-- QZSSDCX @ 1.0.0+sha.5aef035\n|-- RTClib @ 2.1.4\n|-- ArduinoJson @ 6.21.5\n|-- LittleFS @ 0.1.0\n|-- EEPROM @ 1.0\n|-- SPI @ 1.0\n|-- Wire @ 1.0\nBuilding in release mode\nRetrieving maximum program size .pio/build/pico/firmware.elf\nFlash size: 4.00MB\nSketch size: 3.87MB\nFilesystem size: 0.12MB\nPSRAM size: 0.00MB\nMaximium Sketch size: 4059136 EEPROM start: 0x103ff000 Filesystem start: 0x103df000 Filesystem end: 0x103ff000\nChecking size .pio/build/pico/firmware.elf\nAdvanced Memory Usage is available via \"PlatformIO Home > Project Inspect\"\nRAM:   [          ]   4.1% (used 21336 bytes from 524288 bytes)\nFlash: [=         ]  11.2% (used 454384 bytes from 4059136 bytes)\nBuilding .pio/build/pico/firmware.bin.signed\n========================= [SUCCESS] Took 0.89 seconds =========================\n\nEnvironment    Status    Duration\n-------------  --------  ------------\npico           SUCCESS   00:00:00.892\n========================= 1 succeeded in 00:00:00.892 =========================\n",
      "stderr": "",
      "duration": 1.4140269756317139,
      "status": "passed"
    },
    "slowest_test": {
      "test_id": "native",
      "environment": "native",
      "filter": null,
      "returncode": 1,
      "stdout": "Verbosity level can be increased via `-v, -vv, or -vvv` option\nCollected 14 tests\n\nProcessing test_display_manager_simple in native environment\n--------------------------------------------------------------------------------\nBuilding...\nTesting...\ntest/test_display_manager_simple/test_display_manager_simple.cpp:609: test_display_manager_initialization\t[PASSED]\ntest/test_display_manager_simple/test_display_manager_simple.cpp:610: test_display_manager_i2c_fallback\t[PASSED]\ntest/test_display_manager_simple/test_display_manager_simple.cpp:611: test_display_manager_mode_switching\t[PASSED]\ntest/test_display_manager_simple/test_display_manager_simple.cpp:612: test_display_manager_gps_time_display\t[PASSED]\ntest/test_display_manager_simple/test_display_manager_simple.cpp:613: test_display_manager_satellites_display\t[PASSED]\ntest/test_display_manager_simple/test_display_manager_simple.cpp:614: test_display_manager_ntp_stats_display\t[PASSED]\ntest/test_display_manager_simple/test_display_manager_simple.cpp:615: test_display_manager_system_status_display\t[PASSED]\ntest/test_display_manager_simple/test_display_manager_simple.cpp:616: test_display_manager_error_handling\t[PASSED]\ntest/test_display_manager_simple/test_display_manager_simple.cpp:617: test_display_manager_sleep_wake\t[PASSED]\ntest/test_display_manager_simple/test_display_manager_simple.cpp:618: test_display_manager_initialization_failure\t[PASSED]\ntest/test_display_manager_simple/test_display_manager_simple.cpp:619: test_display_manager_invalid_gps_data\t[PASSED]\n-------- native:test_display_manager_simple [PASSED] Took 0.56 seconds --------\n\nProcessing test_time_utils_coverage in native environment\n--------------------------------------------------------------------------------\nBuilding...\nTesting...\ntest/test_time_utils_coverage/test_time_utils_coverage.cpp:298: test_timeutils_unix_to_ntp_timestamp_conversion\t[PASSED]\ntest/test_time_utils_coverage/test_time_utils_coverage.cpp:299: test_timeutils_ntp_to_unix_time_conversion\t[PASSED]\ntest/test_time_utils_coverage/test_time_utils_coverage.cpp:302: test_timeutils_overflow_underflow_boundary_values\t[PASSED]\ntest/test_time_utils_coverage/test_time_utils_coverage.cpp:305: test_timeutils_precision_time_difference_calculation\t[PASSED]\ntest/test_time_utils_coverage/test_time_utils_coverage.cpp:308: test_timeutils_leap_second_timezone_daylight_handling\t[PASSED]\ntest/test_time_utils_coverage/test_time_utils_coverage.cpp:311: test_timeutils_ntp_timestamp_precision_levels\t[PASSED]\ntest/test_time_utils_coverage/test_time_utils_coverage.cpp:314: test_timeutils_time_sync_quality_evaluation\t[PASSED]\ntest/test_time_utils_coverage/test_time_utils_coverage.cpp:317: test_timeutils_ntp_short_format_conversion\t[PASSED]\ntest/test_time_utils_coverage/test_time_utils_coverage.cpp:320: test_timeutils_time_string_formatting\t[PASSED]\ntest/test_time_utils_coverage/test_time_utils_coverage.cpp:323: test_timeutils_get_current_micros_precision_overflow\t[PASSED]\ntest/test_time_utils_coverage/test_time_utils_coverage.cpp:326: test_timeutils_error_handling_abnormal_values\t[PASSED]\n---------- native:test_time_utils_coverage [PASSED] Took 0.59 seconds ----------\n\nProcessing test_time_manager_simple in native environment\n--------------------------------------------------------------------------------\nBuilding...\nTesting...\ntest/test_time_manager_simple/test_time_manager_simple.cpp:592: test_time_manager_initialization\t[PASSED]\ntest/test_time_manager_simple/test_time_manager_simple.cpp:593: test_time_manager_gps_synchronization\t[PASSED]\ntest/test_time_manager_simple/test_time_manager_simple.cpp:594: test_time_manager_unix_time_conversion\t[PASSED]\ntest/test_time_manager_simple/test_time_manager_simple.cpp:595: test_time_manager_microsecond_precision\t[PASSED]\ntest/test_time_manager_simple/test_time_manager_simple.cpp:596: test_time_manager_pps_signal_processing\t[PASSED]\ntest/test_time_manager_simple/test_time_manager_simple.cpp:597: test_time_manager_gps_loss_fallback\t[PASSED]\ntest/test_time_manager_simple/test_time_manager_simple.cpp:598: test_time_manager_rtc_failure\t[PASSED]\ntest/test_time_manager_simple/test_time_manager_simple.cpp:599: test_time_manager_time_difference\t[PASSED]\ntest/test_time_manager_simple/test_time_manager_simple.cpp:600: test_time_manager_invalid_gps_data\t[PASSED]\ntest/test_time_manager_simple/test_time_manager_simple.cpp:601: test_time_manager_stratum_level_management\t[PASSED]\ntest/test_time_manager_simple/test_time_manager_simple.cpp:602: test_time_manager_time_accuracy\t[PASSED]\ntest/test_time_manager_simple/test_time_manager_simple.cpp:603: test_time_manager_edge_cases\t[PASSED]\n---------- native:test_time_manager_simple [PASSED] Took 0.54 seconds ----------\n\nProcessing test_config_manager_coverage_simple in native environment\n--------------------------------------------------------------------------------\nBuilding...\nTesting...\ntest/test_config_manager_coverage_simple/test_config_manager_coverage_simple.cpp:623: test_config_manager_initialization\t[PASSED]\ntest/test_config_manager_coverage_simple/test_config_manager_coverage_simple.cpp:624: test_config_manager_validation\t[PASSED]\ntest/test_config_manager_coverage_simple/test_config_manager_coverage_simple.cpp:625: test_config_manager_persistence\t[PASSED]\ntest/test_config_manager_coverage_simple/test_config_manager_coverage_simple.cpp:626: test_config_manager_factory_reset\t[PASSED]\ntest/test_config_manager_coverage_simple/test_config_manager_coverage_simple.cpp:627: test_config_manager_storage_failure\t[PASSED]\ntest/test_config_manager_coverage_simple/test_config_manager_coverage_simple.cpp:628: test_config_manager_corruption_detection\t[PASSED]\ntest/test_config_manager_coverage_simple/test_config_manager_coverage_simple.cpp:629: test_config_manager_json_serialization\t[PASSED]\ntest/test_config_manager_coverage_simple/test_config_manager_coverage_simple.cpp:630: test_config_manager_json_error_handling\t[PASSED]\n---- native:test_config_manager_coverage_simple [PASSED] Took 0.54 seconds ----\n\nProcessing test_i2c_utils_simple in native environment\n--------------------------------------------------------------------------------\nBuilding...\nTesting...\ntest/test_i2c_utils_simple/test_i2c_utils_simple.cpp:428: test_i2c_utils_initialization\t[PASSED]\ntest/test_i2c_utils_simple/test_i2c_utils_simple.cpp:429: test_i2c_utils_device_scanning\t[PASSED]\ntest/test_i2c_utils_simple/test_i2c_utils_simple.cpp:430: test_i2c_utils_data_writing\t[PASSED]\ntest/test_i2c_utils_simple/test_i2c_utils_simple.cpp:431: test_i2c_utils_data_reading\t[PASSED]\ntest/test_i2c_utils_simple/test_i2c_utils_simple.cpp:432: test_i2c_utils_device_presence\t[PASSED]\ntest/test_i2c_utils_simple/test_i2c_utils_simple.cpp:433: test_i2c_utils_register_operations\t[PASSED]\ntest/test_i2c_utils_simple/test_i2c_utils_simple.cpp:434: test_i2c_utils_error_handling\t[PASSED]\ntest/test_i2c_utils_simple/test_i2c_utils_simple.cpp:435: test_i2c_utils_retry_mechanism\t[PASSED]\ntest/test_i2c_utils_simple/test_i2c_utils_simple.cpp:436: test_i2c_utils_error_conditions\t[PASSED]\n----------- native:test_i2c_utils_simple [PASSED] Took 0.57 seconds -----------\n\nProcessing test_log_utils_arduino in native environment\n--------------------------------------------------------------------------------\nBuilding...\nTesting...\ntest/test_log_utils_arduino/test_log_utils_arduino.cpp:218: test_logutils_basic_log_levels\t[PASSED]\ntest/test_log_utils_arduino/test_log_utils_arduino.cpp:219: test_logutils_formatted_logging\t[PASSED]\ntest/test_log_utils_arduino/test_log_utils_arduino.cpp:220: test_logutils_null_service_handling\t[PASSED]\ntest/test_log_utils_arduino/test_log_utils_arduino.cpp:221: test_logutils_null_parameter_handling\t[PASSED]\ntest/test_log_utils_arduino/test_log_utils_arduino.cpp:222: test_logutils_multiple_log_levels\t[PASSED]\n----------- native:test_log_utils_arduino [PASSED] Took 0.56 seconds -----------\n\nProcessing test_config_manager_simple in native environment\n--------------------------------------------------------------------------------\nBuilding...\nTesting...\ntest/test_config_manager_simple/test_config_manager_simple.cpp:460: test_config_manager_initialization\t[PASSED]\ntest/test_config_manager_simple/test_config_manager_simple.cpp:461: test_config_manager_validation\t[PASSED]\ntest/test_config_manager_simple/test_config_manager_simple.cpp:462: test_config_manager_persistence\t[PASSED]\ntest/test_config_manager_simple/test_config_manager_simple.cpp:463: test_config_manager_factory_reset\t[PASSED]\ntest/test_config_manager_simple/test_config_manager_simple.cpp:464: test_config_manager_storage_failure\t[PASSED]\ntest/test_config_manager_simple/test_config_manager_simple.cpp:465: test_config_manager_corruption_detection\t[PASSED]\ntest/test_config_manager_simple/test_config_manager_simple.cpp:466: test_config_manager_individual_setters\t[PASSED]\n--------- native:test_config_manager_simple [PASSED] Took 0.56 seconds ---------\n\nProcessing test_log_utils_simple in native environment\n--------------------------------------------------------------------------------\nBuilding...\nTesting...\ntest/test_log_utils_simple/test_log_utils_simple.cpp:122: test_logutils_basic_functionality\t[PASSED]\ntest/test_log_utils_simple/test_log_utils_simple.cpp:123: test_logutils_null_handling\t[PASSED]\ntest/test_log_utils_simple/test_log_utils_simple.cpp:124: test_logutils_multiple_calls\t[PASSED]\n----------- native:test_log_utils_simple [PASSED] Took 0.56 seconds -----------\n\nProcessing test_integration_extended in native environment\n--------------------------------------------------------------------------------\nBuilding...\nTesting...\ntest/test_integration_extended/test_integration_extended.cpp:608: test_integration_full_system_normal_operation\t[PASSED]\ntest/test_integration_extended/test_integration_extended.cpp:609: test_integration_gps_failure_rtc_fallback\t[PASSED]\ntest/test_integration_extended/test_integration_extended.cpp:610: test_integration_network_failure_cascade\t[PASSED]\ntest/test_integration_extended/test_integration_extended.cpp:611: test_integration_critical_storage_failure\t[PASSED]\ntest/test_integration_extended/test_integration_extended.cpp:612: test_integration_multiple_component_failures\t[PASSED]\ntest/test_integration_extended/test_integration_extended.cpp:615: test_integration_gps_recovery_scenario\t[PASSED]\ntest/test_integration_extended/test_integration_extended.cpp:616: test_integration_network_recovery_cascade\t[PASSED]\ntest/test_integration_extended/test_integration_extended.cpp:619: test_integration_performance_normal_load\t[PASSED]\ntest/test_integration_extended/test_integration_extended.cpp:620: test_integration_performance_high_load\t[PASSED]\ntest/test_integration_extended/test_integration_extended.cpp:621: test_integration_performance_memory_pressure\t[PASSED]\ntest/test_integration_extended/test_integration_extended.cpp:624: test_integration_cross_component_communication\t[PASSED]\ntest/test_integration_extended/test_integration_extended.cpp:625: test_integration_system_resilience_stress_test\t[PASSED]\n--------- native:test_integration_extended [PASSED] Took 0.57 seconds ---------\n\nProcessing test_main_simple in native environment\n--------------------------------------------------------------------------------\nBuilding...\nTesting...\ntest/test_main_simple/test_main_simple.cpp:427: test_main_setup_normal_initialization\t[PASSED]\ntest/test_main_simple/test_main_simple.cpp:428: test_main_setup_i2c_oled_failure\t[PASSED]\ntest/test_main_simple/test_main_simple.cpp:429: test_main_setup_gps_failure_rtc_fallback\t[PASSED]\ntest/test_main_simple/test_main_simple.cpp:432: test_main_loop_basic_operations\t[PASSED]\ntest/test_main_simple/test_main_simple.cpp:433: test_main_loop_pps_signal_processing\t[PASSED]\ntest/test_main_simple/test_main_simple.cpp:434: test_main_loop_system_status_updates\t[PASSED]\ntest/test_main_simple/test_main_simple.cpp:435: test_main_loop_error_state_handling\t[PASSED]\ntest/test_main_simple/test_main_simple.cpp:436: test_main_loop_button_processing\t[PASSED]\ntest/test_main_simple/test_main_simple.cpp:439: test_main_system_integration\t[PASSED]\ntest/test_main_simple/test_main_simple.cpp:440: test_main_timing_and_performance\t[PASSED]\n-------------- native:test_main_simple [PASSED] Took 0.56 seconds --------------\n\nProcessing test_error_handler_simple in native environment\n--------------------------------------------------------------------------------\nBuilding...\nTesting...\ntest/test_error_handler_simple/test_error_handler_simple.cpp:188: test_error_handler_basic_functionality\t[PASSED]\ntest/test_error_handler_simple/test_error_handler_simple.cpp:189: test_error_handler_error_type_classification\t[PASSED]\ntest/test_error_handler_simple/test_error_handler_simple.cpp:190: test_error_handler_null_handling\t[PASSED]\ntest/test_error_handler_simple/test_error_handler_simple.cpp:191: test_error_handler_severity_threshold\t[PASSED]\n--------- native:test_error_handler_simple [PASSED] Took 0.56 seconds ---------\n\nProcessing disabled/test_display_manager_coverage in native environment\n--------------------------------------------------------------------------------\nBuilding...\n\nProcessing test_time_utils_simple in native environment\n--------------------------------------------------------------------------------\nBuilding...\nTesting...\ntest/test_time_utils_simple/test_time_utils_simple.cpp:266: test_timeutils_unix_to_ntp_conversion\t[PASSED]\ntest/test_time_utils_simple/test_time_utils_simple.cpp:267: test_timeutils_ntp_to_unix_conversion\t[PASSED]\ntest/test_time_utils_simple/test_time_utils_simple.cpp:268: test_timeutils_time_formatting\t[PASSED]\ntest/test_time_utils_simple/test_time_utils_simple.cpp:269: test_timeutils_time_difference_calculation\t[PASSED]\ntest/test_time_utils_simple/test_time_utils_simple.cpp:270: test_timeutils_leap_year_calculation\t[PASSED]\ntest/test_time_utils_simple/test_time_utils_simple.cpp:271: test_timeutils_precision_calculation\t[PASSED]\ntest/test_time_utils_simple/test_time_utils_simple.cpp:272: test_timeutils_precise_ntp_timestamp\t[PASSED]\ntest/test_time_utils_simple/test_time_utils_simple.cpp:273: test_timeutils_time_sync_quality\t[PASSED]\ntest/test_time_utils_simple/test_time_utils_simple.cpp:274: test_timeutils_ntp_short_format\t[PASSED]\ntest/test_time_utils_simple/test_time_utils_simple.cpp:275: test_timeutils_get_current_micros\t[PASSED]\ntest/test_time_utils_simple/test_time_utils_simple.cpp:276: test_timeutils_error_handling\t[PASSED]\n----------- native:test_time_utils_simple [PASSED] Took 0.53 seconds -----------\n\nProcessing test_system_controller_simple in native environment\n--------------------------------------------------------------------------------\nBuilding...\nTesting...\ntest/test_system_controller_simple/test_system_controller_simple.cpp:280: test_system_controller_initialization\t[PASSED]\ntest/test_system_controller_simple/test_system_controller_simple.cpp:281: test_system_controller_state_transitions\t[PASSED]\ntest/test_system_controller_simple/test_system_controller_simple.cpp:282: test_system_controller_service_health\t[PASSED]\ntest/test_system_controller_simple/test_system_controller_simple.cpp:283: test_system_controller_error_state\t[PASSED]\n------- native:test_system_controller_simple [PASSED] Took 0.56 seconds -------\n\n",
      "stderr": "test/disabled/test_time_manager_coverage.cpp:65:13: error: redefinition of 'Wire1' with a different type: 'MockTwoWire' vs 'MockWire'\n   65 | MockTwoWire Wire1;\n      |             ^\ntest/arduino_mock.h:182:17: note: previous declaration is here\n  182 | extern MockWire Wire1;\n      |                 ^\ntest/disabled/test_time_manager_coverage.cpp:385:29: error: no viable conversion from 'DateTime' to 'const MockDateTime'\n  385 |                 rtc->adjust(gpsDateTime);\n      |                             ^~~~~~~~~~~\ntest/disabled/test_time_manager_coverage.cpp:68:7: note: candidate constructor (the implicit copy constructor) not viable: no known conversion from 'DateTime' to 'const MockDateTime &' for 1st argument\n   68 | class MockDateTime {\n      |       ^~~~~~~~~~~~\ntest/disabled/test_time_manager_coverage.cpp:68:7: note: candidate constructor (the implicit move constructor) not viable: no known conversion from 'DateTime' to 'MockDateTime &&' for 1st argument\n   68 | class MockDateTime {\n      |       ^~~~~~~~~~~~\ntest/disabled/test_time_manager_coverage.cpp:92:37: note: passing argument to parameter 'dt' here\n   92 |     void adjust(const MockDateTime& dt) { \n      test/disabled/test_i2c_utils_coverage.cpp:106:85: error: too many arguments to function call, expected at most 4, have 5\n|                                     ^\n  106 |     bool result = I2CUtils::initializeBus(mock_wire, sda_pin, scl_pin, clock_speed, true);\n      |                   ~~~~~~~~~~~~~~~~~~~~~~~                                           ^~~~\ntest/disabled/test_i2c_utils_coverage.cpp:71:17: note: 'initializeBus' declared here\n   71 |     static bool initializeBus(MockTwoWire& wire, uint8_t sda_pin, uint8_t scl_pin, uint32_t clock_speed = 100000) {\n      |                 ^             ~~~~~~~~~~~~~~~~~~~~~~~~~~~~~~~~~~~~~~~~~~~~~~~~~~~~~~~~~~~~~~~~~~~~~~~~~~~~~~~~~~\ntest/disabled/test_i2c_utils_coverage.cpp:121:35: error: no member named 'testDevice' in 'I2CUtils'\n  121 |     bool device_found = I2CUtils::testDevice(mock_wire, 0x42, 3);\n      |                         ~~~~~~~~~~^\n2 errors generated.\ntest/disabled/test_network_manager_coverage.cpp:743:39: error: 'INIT_START' is a private member of 'NetworkManager'\n  743 |     TEST_ASSERT_EQUAL(NetworkManager::INIT_START, asyncManager.getInitState());\n      |                                       ^\ntest/disabled/test_network_manager_coverage.cpp:189:9: note: declared private here\n  189 |         INIT_START,\n      |         ^\ntest/disabled/test_i2c_utils_coverage.cpp:126:39: error: no member named 'testDevice' in 'I2CUtils'\n  126 |     bool device_not_found = I2CUtils::testDevice(mtest/disabled/test_network_manager_coverage.cpp:757:39: error: 'INIT_COMPLETE' is a private member of 'NetworkManager'\n  757 |     TEST_ASSERT_EQUAL(NetworkMaonager::INIT_COMcPk_LwiErTeE,,  0axsyncManager.getInitSt9a9t,e (3)));;\n\n            | |                                       ^\ntest/disabled/test_network_manager_coverage.cpp:195:9: note: declared private here\n  195 |         INIT_COMP                            ~~~~~~~~~~^\nLETE\n      |         ^\n2 errors generated.\ntest/disabled/test_i2c_utils_coverage.cpp:134:41: error: no member named 'testDevice' in 'I2CUtils'\n  134 |     bool device_found_retry = I2CUtils::testDevice(mock_wire, 0x42, 2);\n      |                               ~~~~~~~~~~^\n*** [.pio/build/native/test/disabled/test_time_manager_coverage.o] Error 1\ntest/disabled/test_i2c_utils_coverage.cpp:144:15: error: no type named 'I2CResult' in 'I2CUtils'\n  144 |     I2CUtils::I2CResult timeout_result = I2CUtils::safeRead(mock_wire, 0x42, 0x00, nullptr, 1, 1);\n      |     ~~~~~~~~~~^\ntest/disabled/test_i2c_utils_coverage.cpp:144:52: error: no member named 'safeRead' in 'I2CUtils'\n  144 |     I2CUtils::I2CResult timeout_result = I2CUtils::safeRead(mock_wire, 0x42, 0x00, nullptr, 1, 1);\n      |                                          ~~~~~~~~~~^\n*** [.pio/build/native/test/disabled/test_network_manager_coverage.o] Error 1\ntest/disabled/test_i2c_utils_coverage.cpp:145:33: error: no member named 'I2C_ERROR_OTHER' in 'I2CUtils'\n  145 |     TEST_ASSERT_EQUAL(I2CUtils::I2C_ERROR_OTHER, timeout_result); // Due to null buffer\n      |                       ~~~~~~~~~~^\n.pio/libdeps/native/Unity/src/unity.h:392:129: note: expanded from macro 'TEST_ASSERT_EQUAL'\n  392 | #define TEST_ASSERT_EQUAL(expected, actual)                                                        UNITY_TEST_ASSERT_EQUAL_INT((expected), (actual), __LINE__, NULL)\n      |                                                                                                                                 ^~~~~~~~\n.pio/libdeps/native/Unity/src/unity_internals.h:883:133: note: expanded from macro 'UNITY_TEST_ASSERT_EQUAL_INT'\n  883 | #define UNITY_TEST_ASSERT_EQUAL_INT(expected, actual, line, message)                             UnityAssertEqualNumber((UNITY_INT)(expected), (UNITY_INT)(actual), (message), (UNITY_LINE_TYPE)(line), UNITY_DISPLAY_STYLE_INT)\n      |                                                                                                                                     ^~~~~~~~\ntest/disabled/test_i2c_utils_coverage.cpp:150:15: error: no type named 'I2CResult' in 'I2CUtils'\n  150 |     I2CUtils::I2CResult nack_result = I2CUtils::safeRead(mock_wire, 0x42, 0x00, buffer, 4, 1);\n      |     ~~~~~~~~~~^\ntest/disabled/test_i2c_utils_coverage.cpp:150:49: error: no member named 'safeRead' in 'I2CUtils'\n  150 |     I2CUtils::I2CResult nack_result = I2CUtils::safeRead(mock_wire, 0x42, 0x00, buffer, 4, 1);\n      |                                       ~~~~~~~~~~^\ntest/disabled/test_i2c_utils_coverage.cpp:151:33: error: no member named 'I2C_ERROR_ADDRESS_NACK' in 'I2CUtils'\n  151 |     TEST_ASSERT_EQUAL(I2CUtils::I2C_ERROR_ADDRESS_NACK, nack_result);\n      |                       ~~~~~~~~~~^\n.pio/libdeps/native/Unity/src/unity.h:392:129: note: expanded from macro 'TEST_ASSERT_EQUAL'\n  392 | #define TEST_ASSERT_EQUAL(expected, actual)                                                        UNITY_TEST_ASSERT_EQUAL_INT((expected), (actual), __LINE__, NULL)\n      |                                                                                                                                 ^~~~~~~~\n.pio/libdeps/native/Unity/src/unity_internals.h:883:133: note: expanded from macro 'UNITY_TEST_ASSERT_EQUAL_INT'\n  883 | #define UNITY_TEST_ASSERT_EQUAL_INT(expected, actual, line, message)                             UnityAssertEqualNumber((UNITY_INT)(expected), (UNITY_INT)(actual), (message), (UNITY_LINE_TYPE)(line), UNITY_DISPLAY_STYLE_INT)\n      |                                                                                                                                     ^~~~~~~~\ntest/disabled/test_i2c_utils_coverage.cpp:155:25: error: use of undeclared identifier 'data_nack_result'; did you mean 'nack_result'?\n  155 |     I2CUtils::I2CResult data_nack_result = I2CUtils::safeRead(mock_wire, 0x42, 0x00, buffer, 4, 1);\n      |                         ^~~~~~~~~~~~~~~~\n      |                         nack_result\ntest/disabled/test_i2c_utils_coverage.cpp:150:25: note: 'nack_result' declared here\n  150 |     I2CUtils::I2CResult nack_result = I2CUtils::safeRead(mock_wire, 0x42, 0x00, buffer, 4, 1);\n      |                         ^\ntest/disabled/test_i2c_utils_coverage.cpp:155:24: error: expected ';' after expression\n  155 |     I2CUtils::I2CResult data_nack_result = I2CUtils::safeRead(mock_wire, 0x42, 0x00, buffer, 4, 1);\n      |                        ^\n      |                        ;\ntest/disabled/test_i2c_utils_coverage.cpp:155:15: error: no member named 'I2CResult' in 'I2CUtils'\n  155 |     I2CUtils::I2CResult data_nack_result = I2CUtils::safeRead(mock_wire, 0x42, 0x00, buffer, 4, 1);\n      |     ~~~~~~~~~~^\ntest/disabled/test_i2c_utils_coverage.cpp:155:54: error: no member named 'safeRead' in 'I2CUtils'\n  155 |     I2CUtils::I2CResult data_nack_result = I2CUtils::safeRead(mock_wire, 0x42, 0x00, buffer, 4, 1);\n      |                                            ~~~~~~~~~~^\ntest/disabled/test_i2c_utils_coverage.cpp:156:54: error: use of undeclared identifier 'data_nack_result'; did you mean 'nack_result'?\n  156 |     TEST_ASSERT_EQUAL(I2CUtils::I2C_ERROR_DATA_NACK, data_nack_result);\n      |                                                      ^~~~~~~~~~~~~~~~\n      |                                                      nack_result\n.pio/libdeps/native/Unity/src/unity.h:392:141: note: expanded from macro 'TEST_ASSERT_EQUAL'\n  392 | #define TEST_ASSERT_EQUAL(expected, actual)                                                        UNITY_TEST_ASSERT_EQUAL_INT((expected), (actual), __LINE__, NULL)\n      |                                                                                                                                             ^\n.pio/libdeps/native/Unity/src/unity_internals.h:883:156: note: expanded from macro 'UNITY_TEST_ASSERT_EQUAL_INT'\n  883 | #define UNITY_TEST_ASSERT_EQUAL_INT(expected, actual, line, message)                             UnityAssertEqualNumber((UNITY_INT)(expected), (UNITY_INT)(actual), (message), (UNITY_LINE_TYPE)(line), UNITY_DISPLAY_STYLE_INT)\n      |                                                                                                                                                            ^\ntest/disabled/test_i2c_utils_coverage.cpp:150:25: note: 'nack_result' declared here\n  150 |     I2CUtils::I2CResult nack_result = I2CUtils::safeRead(mock_wire, 0x42, 0x00, buffer, 4, 1);\n      |                         ^\ntest/disabled/test_i2c_utils_coverage.cpp:156:33: error: no member named 'I2C_ERROR_DATA_NACK' in 'I2CUtils'\n  156 |     TEST_ASSERT_EQUAL(I2CUtils::I2C_ERROR_DATA_NACK, data_nack_result);\n      |                       ~~~~~~~~~~^\n.pio/libdeps/native/Unity/src/unity.h:392:129: note: expanded from macro 'TEST_ASSERT_EQUAL'\n  392 | #define TEST_ASSERT_EQUAL(expected, actual)                                                        UNITY_TEST_ASSERT_EQUAL_INT((expected), (actual), __LINE__, NULL)\n      |                                                                                                                                 ^~~~~~~~\n.pio/libdeps/native/Unity/src/unity_internals.h:883:133: note: expanded from macro 'UNITY_TEST_ASSERT_EQUAL_INT'\n  883 | #define UNITY_TEST_ASSERT_EQUAL_INT(expected, actual, line, message)                             UnityAssertEqualNumber((UNITY_INT)(expected), (UNITY_INT)(actual), (message), (UNITY_LINE_TYPE)(line), UNITY_DISPLAY_STYLE_INT)\n      |                                                                                                                                     ^~~~~~~~\ntest/disabled/test_i2c_utils_coverage.cpp:160:15: error: no type named 'I2CResult' in 'I2CUtils'\n  160 |     I2CUtils::I2CResult overflow_result = I2CUtils::safeRead(mock_wire, 0x42, 0x00, buffer, 4, 1);\n      |     ~~~~~~~~~~^\ntest/disabled/test_i2c_utils_coverage.cpp:160:53: error: no member named 'safeRead' in 'I2CUtils'\n  160 |     I2CUtils::I2CResult overflow_result = I2CUtils::safeRead(mock_wire, 0x42, 0x00, buffer, 4, 1);\n      |                                           ~~~~~~~~~~^\ntest/disabled/test_i2c_utils_coverage.cpp:161:33: error: no member named 'I2C_ERROR_BUFFER_OVERFLOW' in 'I2CUtils'\n  161 |     TEST_ASSERT_EQUAL(I2CUtils::I2C_ERROR_BUFFER_OVERFLOW, overflow_result);\n      |                       ~~~~~~~~~~^\n.pio/libdeps/native/Unity/src/unity.h:392:129: note: expanded from macro 'TEST_ASSERT_EQUAL'\n  392 | #define TEST_ASSERT_EQUAL(expected, actual)                                                        UNITY_TEST_ASSERT_EQUAL_INT((expected), (actual), __LINE__, NULL)\n      |                                                                                                                                 ^~~~~~~~\n.pio/libdeps/native/Unity/src/unity_internals.h:883:133: note: expanded from macro 'UNITY_TEST_ASSERT_EQUAL_INT'\n  883 | #define UNITY_TEST_ASSERT_EQUAL_INT(expected, actual, line, message)                             UnityAssertEqualNumber((UNITY_INT)(expected), (UNITY_INT)(actual), (message), (UNITY_LINE_TYPE)(line), UNITY_DISPLAY_STYLE_INT)\n      |                                                                                                                                     ^~~~~~~~\nfatal error: too many errors emitted, stopping now [-ferror-limit=]\n20 errors generated.\n*** [.pio/build/native/test/disabled/test_i2c_utils_coverage.o] Error 1\nBuilding stage has failed, see errors above. Use `pio test -vvv` option to enable verbose output.\n-- native:disabled/test_display_manager_coverage [ERRORED] Took 0.52 seconds --\n=================================== SUMMARY ===================================\nEnvironment    Test                                    Status    Duration\n-------------  --------------------------------------  --------  ------------\nnative         test_display_manager_simple             PASSED    00:00:00.561\nnative         test_time_utils_coverage                PASSED    00:00:00.592\nnative         test_time_manager_simple                PASSED    00:00:00.537\nnative         test_config_manager_coverage_simple     PASSED    00:00:00.545\nnative         test_i2c_utils_simple                   PASSED    00:00:00.571\nnative         test_log_utils_arduino                  PASSED    00:00:00.563\nnative         test_config_manager_simple              PASSED    00:00:00.561\nnative         test_log_utils_simple                   PASSED    00:00:00.562\nnative         test_integration_extended               PASSED    00:00:00.572\nnative         test_main_simple                        PASSED    00:00:00.558\nnative         test_error_handler_simple               PASSED    00:00:00.562\nnative         disabled/test_display_manager_coverage  ERRORED   00:00:00.517\nnative         test_time_utils_simple                  PASSED    00:00:00.529\nnative         test_system_controller_simple           PASSED    00:00:00.560\n================ 108 test cases: 107 succeeded in 00:00:07.788 ================\n",
      "duration": 8.117412090301514,
      "status": "failed",
      "start_time": 1754864759.804307,
      "end_time": 1754864767.921719
    }
  },
  "total_duration": 8.843370914459229,
  "start_time": 1754864759.8022091,
  "end_time": 1754864768.64558
}