{
  "code_structure": {
    "source_files": [
      "src/main.cpp",
      "src/gps/Gps_Client.cpp",
      "src/gps/TimeManager.cpp",
      "src/config/ConfigManager.cpp",
      "src/config/LoggingService.cpp",
      "src/hal/Button_HAL.cpp",
      "src/hal/Storage_HAL.cpp",
      "src/network/NtpServer.cpp",
      "src/network/webserver.cpp",
      "src/network/NetworkManager.cpp",
      "src/system/ErrorHandler.cpp",
      "src/system/PrometheusMetrics.cpp",
      "src/system/SystemMonitor.cpp",
      "src/system/SystemController.cpp",
      "src/display/PhysicalReset.cpp",
      "src/display/DisplayManager.cpp"
    ],
    "test_files": [
      "test/arduino_mock.cpp",
      "test/test_display_manager_simple/test_display_manager_simple.cpp",
      "test/test_time_utils_coverage/test_time_utils_coverage.cpp",
      "test/test_time_manager_simple/test_time_manager_simple.cpp",
      "test/test_config_manager_coverage_simple/test_config_manager_coverage_simple.cpp",
      "test/test_i2c_utils_simple/test_i2c_utils_simple.cpp",
      "test/test_log_utils_arduino/test_log_utils_arduino.cpp",
      "test/test_config_manager_simple/test_config_manager_simple.cpp",
      "test/test_log_utils_simple/test_log_utils_simple.cpp",
      "test/test_integration_extended/test_integration_extended.cpp",
      "test/test_main_simple/test_main_simple.cpp",
      "test/test_error_handler_simple/test_error_handler_simple.cpp",
      "test/disabled/test_config_manager_coverage.cpp",
      "test/disabled/test_i2c_utils_coverage.cpp",
      "test/disabled/test_main_loop_coverage.cpp",
      "test/disabled/test_time_utils_simple.cpp",
      "test/disabled/test_time_manager_coverage.cpp",
      "test/disabled/test_system_controller_coverage.cpp",
      "test/disabled/test_network_manager_coverage.cpp",
      "test/disabled/test_ntp_server_coverage.cpp",
      "test/disabled/test_main_coverage.cpp",
      "test/test_time_utils_simple/test_time_utils_simple.cpp",
      "test/test_system_controller_simple/test_system_controller_simple.cpp",
      "test/disabled/test_display_manager_coverage/test_display_manager_coverage.cpp"
    ],
    "header_files": [
      "src/gps/Gps_Client.h",
      "src/gps/Gps_model.h",
      "src/gps/TimeManager.h",
      "src/config/LoggingService.h",
      "src/config/ConfigManager.h",
      "src/hal/Storage_HAL.h",
      "src/hal/HardwareConfig.h",
      "src/hal/Button_HAL.h",
      "src/network/NtpServer.h",
      "src/network/webserver.h",
      "src/network/NetworkManager.h",
      "src/network/NtpTypes.h",
      "src/utils/LogUtils.h",
      "src/utils/I2CUtils.h",
      "src/utils/TimeUtils.h",
      "src/system/ErrorHandler.h",
      "src/system/PrometheusMetrics.h",
      "src/system/SystemTypes.h",
      "src/system/SystemController.h",
      "src/system/SystemMonitor.h",
      "src/display/PhysicalReset.h",
      "src/display/DisplayManager.h"
    ],
    "total_lines": 7852,
    "test_lines": 12464
  },
  "test_results": {
    "native_tests": {
      "status": "failed",
      "output": "Verbosity level can be increased via `-v, -vv, or -vvv` option\nCollected 14 tests\n\nProcessing test_display_manager_simple in native environment\n--------------------------------------------------------------------------------\nBuilding...\nTesting...\ntest/test_display_manager_simple/test_display_manager_simple.cpp:609: test_display_manager_initialization\t[PASSED]\ntest/test_display_manager_simple/test_display_manager_simple.cpp:610: test_display_manager_i2c_fallback\t[PASSED]\ntest/test_display_manager_simple/test_display_manager_simple.cpp:611: test_display_manager_mode_switching\t[PASSED]\ntest/test_display_manager_simple/test_display_manager_simple.cpp:612: test_display_manager_gps_time_display\t[PASSED]\ntest/test_display_manager_simple/test_display_manager_simple.cpp:613: test_display_manager_satellites_display\t[PASSED]\ntest/test_display_manager_simple/test_display_manager_simple.cpp:614: test_display_manager_ntp_stats_display\t[PASSED]\ntest/test_display_manager_simple/test_display_manager_simple.cpp:615: test_display_manager_system_status_display\t[PASSED]\ntest/test_display_manager_simple/test_display_manager_simple.cpp:616: test_display_manager_error_handling\t[PASSED]\ntest/test_display_manager_simple/test_display_manager_simple.cpp:617: test_display_manager_sleep_wake\t[PASSED]\ntest/test_display_manager_simple/test_display_manager_simple.cpp:618: test_display_manager_initialization_failure\t[PASSED]\ntest/test_display_manager_simple/test_display_manager_simple.cpp:619: test_display_manager_invalid_gps_data\t[PASSED]\n-------- native:test_display_manager_simple [PASSED] Took 1.58 seconds --------\n\nProcessing test_time_utils_coverage in native environment\n--------------------------------------------------------------------------------\nBuilding...\nTesting...\ntest/test_time_utils_coverage/test_time_utils_coverage.cpp:298: test_timeutils_unix_to_ntp_timestamp_conversion\t[PASSED]\ntest/test_time_utils_coverage/test_time_utils_coverage.cpp:299: test_timeutils_ntp_to_unix_time_conversion\t[PASSED]\ntest/test_time_utils_coverage/test_time_utils_coverage.cpp:302: test_timeutils_overflow_underflow_boundary_values\t[PASSED]\ntest/test_time_utils_coverage/test_time_utils_coverage.cpp:305: test_timeutils_precision_time_difference_calculation\t[PASSED]\ntest/test_time_utils_coverage/test_time_utils_coverage.cpp:308: test_timeutils_leap_second_timezone_daylight_handling\t[PASSED]\ntest/test_time_utils_coverage/test_time_utils_coverage.cpp:311: test_timeutils_ntp_timestamp_precision_levels\t[PASSED]\ntest/test_time_utils_coverage/test_time_utils_coverage.cpp:314: test_timeutils_time_sync_quality_evaluation\t[PASSED]\ntest/test_time_utils_coverage/test_time_utils_coverage.cpp:317: test_timeutils_ntp_short_format_conversion\t[PASSED]\ntest/test_time_utils_coverage/test_time_utils_coverage.cpp:320: test_timeutils_time_string_formatting\t[PASSED]\ntest/test_time_utils_coverage/test_time_utils_coverage.cpp:323: test_timeutils_get_current_micros_precision_overflow\t[PASSED]\ntest/test_time_utils_coverage/test_time_utils_coverage.cpp:326: test_timeutils_error_handling_abnormal_values\t[PASSED]\n---------- native:test_time_utils_coverage [PASSED] Took 0.90 seconds ----------\n\nProcessing test_time_manager_simple in native environment\n--------------------------------------------------------------------------------\nBuilding...\nTesting...\ntest/test_time_manager_simple/test_time_manager_simple.cpp:592: test_time_manager_initialization\t[PASSED]\ntest/test_time_manager_simple/test_time_manager_simple.cpp:593: test_time_manager_gps_synchronization\t[PASSED]\ntest/test_time_manager_simple/test_time_manager_simple.cpp:594: test_time_manager_unix_time_conversion\t[PASSED]\ntest/test_time_manager_simple/test_time_manager_simple.cpp:595: test_time_manager_microsecond_precision\t[PASSED]\ntest/test_time_manager_simple/test_time_manager_simple.cpp:596: test_time_manager_pps_signal_processing\t[PASSED]\ntest/test_time_manager_simple/test_time_manager_simple.cpp:597: test_time_manager_gps_loss_fallback\t[PASSED]\ntest/test_time_manager_simple/test_time_manager_simple.cpp:598: test_time_manager_rtc_failure\t[PASSED]\ntest/test_time_manager_simple/test_time_manager_simple.cpp:599: test_time_manager_time_difference\t[PASSED]\ntest/test_time_manager_simple/test_time_manager_simple.cpp:600: test_time_manager_invalid_gps_data\t[PASSED]\ntest/test_time_manager_simple/test_time_manager_simple.cpp:601: test_time_manager_stratum_level_management\t[PASSED]\ntest/test_time_manager_simple/test_time_manager_simple.cpp:602: test_time_manager_time_accuracy\t[PASSED]\ntest/test_time_manager_simple/test_time_manager_simple.cpp:603: test_time_manager_edge_cases\t[PASSED]\n---------- native:test_time_manager_simple [PASSED] Took 0.89 seconds ----------\n\nProcessing test_config_manager_coverage_simple in native environment\n--------------------------------------------------------------------------------\nBuilding...\nTesting...\ntest/test_config_manager_coverage_simple/test_config_manager_coverage_simple.cpp:623: test_config_manager_initialization\t[PASSED]\ntest/test_config_manager_coverage_simple/test_config_manager_coverage_simple.cpp:624: test_config_manager_validation\t[PASSED]\ntest/test_config_manager_coverage_simple/test_config_manager_coverage_simple.cpp:625: test_config_manager_persistence\t[PASSED]\ntest/test_config_manager_coverage_simple/test_config_manager_coverage_simple.cpp:626: test_config_manager_factory_reset\t[PASSED]\ntest/test_config_manager_coverage_simple/test_config_manager_coverage_simple.cpp:627: test_config_manager_storage_failure\t[PASSED]\ntest/test_config_manager_coverage_simple/test_config_manager_coverage_simple.cpp:628: test_config_manager_corruption_detection\t[PASSED]\ntest/test_config_manager_coverage_simple/test_config_manager_coverage_simple.cpp:629: test_config_manager_json_serialization\t[PASSED]\ntest/test_config_manager_coverage_simple/test_config_manager_coverage_simple.cpp:630: test_config_manager_json_error_handling\t[PASSED]\n---- native:test_config_manager_coverage_simple [PASSED] Took 0.87 seconds ----\n\nProcessing test_i2c_utils_simple in native environment\n--------------------------------------------------------------------------------\nBuilding...\nTesting...\ntest/test_i2c_utils_simple/test_i2c_utils_simple.cpp:428: test_i2c_utils_initialization\t[PASSED]\ntest/test_i2c_utils_simple/test_i2c_utils_simple.cpp:429: test_i2c_utils_device_scanning\t[PASSED]\ntest/test_i2c_utils_simple/test_i2c_utils_simple.cpp:430: test_i2c_utils_data_writing\t[PASSED]\ntest/test_i2c_utils_simple/test_i2c_utils_simple.cpp:431: test_i2c_utils_data_reading\t[PASSED]\ntest/test_i2c_utils_simple/test_i2c_utils_simple.cpp:432: test_i2c_utils_device_presence\t[PASSED]\ntest/test_i2c_utils_simple/test_i2c_utils_simple.cpp:433: test_i2c_utils_register_operations\t[PASSED]\ntest/test_i2c_utils_simple/test_i2c_utils_simple.cpp:434: test_i2c_utils_error_handling\t[PASSED]\ntest/test_i2c_utils_simple/test_i2c_utils_simple.cpp:435: test_i2c_utils_retry_mechanism\t[PASSED]\ntest/test_i2c_utils_simple/test_i2c_utils_simple.cpp:436: test_i2c_utils_error_conditions\t[PASSED]\n----------- native:test_i2c_utils_simple [PASSED] Took 0.88 seconds -----------\n\nProcessing test_log_utils_arduino in native environment\n--------------------------------------------------------------------------------\nBuilding...\nTesting...\ntest/test_log_utils_arduino/test_log_utils_arduino.cpp:218: test_logutils_basic_log_levels\t[PASSED]\ntest/test_log_utils_arduino/test_log_utils_arduino.cpp:219: test_logutils_formatted_logging\t[PASSED]\ntest/test_log_utils_arduino/test_log_utils_arduino.cpp:220: test_logutils_null_service_handling\t[PASSED]\ntest/test_log_utils_arduino/test_log_utils_arduino.cpp:221: test_logutils_null_parameter_handling\t[PASSED]\ntest/test_log_utils_arduino/test_log_utils_arduino.cpp:222: test_logutils_multiple_log_levels\t[PASSED]\n----------- native:test_log_utils_arduino [PASSED] Took 0.91 seconds -----------\n\nProcessing test_config_manager_simple in native environment\n--------------------------------------------------------------------------------\nBuilding...\nTesting...\ntest/test_config_manager_simple/test_config_manager_simple.cpp:460: test_config_manager_initialization\t[PASSED]\ntest/test_config_manager_simple/test_config_manager_simple.cpp:461: test_config_manager_validation\t[PASSED]\ntest/test_config_manager_simple/test_config_manager_simple.cpp:462: test_config_manager_persistence\t[PASSED]\ntest/test_config_manager_simple/test_config_manager_simple.cpp:463: test_config_manager_factory_reset\t[PASSED]\ntest/test_config_manager_simple/test_config_manager_simple.cpp:464: test_config_manager_storage_failure\t[PASSED]\ntest/test_config_manager_simple/test_config_manager_simple.cpp:465: test_config_manager_corruption_detection\t[PASSED]\ntest/test_config_manager_simple/test_config_manager_simple.cpp:466: test_config_manager_individual_setters\t[PASSED]\n--------- native:test_config_manager_simple [PASSED] Took 0.91 seconds ---------\n\nProcessing test_log_utils_simple in native environment\n--------------------------------------------------------------------------------\nBuilding...\nTesting...\ntest/test_log_utils_simple/test_log_utils_simple.cpp:122: test_logutils_basic_functionality\t[PASSED]\ntest/test_log_utils_simple/test_log_utils_simple.cpp:123: test_logutils_null_handling\t[PASSED]\ntest/test_log_utils_simple/test_log_utils_simple.cpp:124: test_logutils_multiple_calls\t[PASSED]\n----------- native:test_log_utils_simple [PASSED] Took 0.87 seconds -----------\n\nProcessing test_integration_extended in native environment\n--------------------------------------------------------------------------------\nBuilding...\nTesting...\ntest/test_integration_extended/test_integration_extended.cpp:608: test_integration_full_system_normal_operation\t[PASSED]\ntest/test_integration_extended/test_integration_extended.cpp:609: test_integration_gps_failure_rtc_fallback\t[PASSED]\ntest/test_integration_extended/test_integration_extended.cpp:610: test_integration_network_failure_cascade\t[PASSED]\ntest/test_integration_extended/test_integration_extended.cpp:611: test_integration_critical_storage_failure\t[PASSED]\ntest/test_integration_extended/test_integration_extended.cpp:612: test_integration_multiple_component_failures\t[PASSED]\ntest/test_integration_extended/test_integration_extended.cpp:615: test_integration_gps_recovery_scenario\t[PASSED]\ntest/test_integration_extended/test_integration_extended.cpp:616: test_integration_network_recovery_cascade\t[PASSED]\ntest/test_integration_extended/test_integration_extended.cpp:619: test_integration_performance_normal_load\t[PASSED]\ntest/test_integration_extended/test_integration_extended.cpp:620: test_integration_performance_high_load\t[PASSED]\ntest/test_integration_extended/test_integration_extended.cpp:621: test_integration_performance_memory_pressure\t[PASSED]\ntest/test_integration_extended/test_integration_extended.cpp:624: test_integration_cross_component_communication\t[PASSED]\ntest/test_integration_extended/test_integration_extended.cpp:625: test_integration_system_resilience_stress_test\t[PASSED]\n--------- native:test_integration_extended [PASSED] Took 0.94 seconds ---------\n\nProcessing test_main_simple in native environment\n--------------------------------------------------------------------------------\nBuilding...\nTesting...\ntest/test_main_simple/test_main_simple.cpp:427: test_main_setup_normal_initialization\t[PASSED]\ntest/test_main_simple/test_main_simple.cpp:428: test_main_setup_i2c_oled_failure\t[PASSED]\ntest/test_main_simple/test_main_simple.cpp:429: test_main_setup_gps_failure_rtc_fallback\t[PASSED]\ntest/test_main_simple/test_main_simple.cpp:432: test_main_loop_basic_operations\t[PASSED]\ntest/test_main_simple/test_main_simple.cpp:433: test_main_loop_pps_signal_processing\t[PASSED]\ntest/test_main_simple/test_main_simple.cpp:434: test_main_loop_system_status_updates\t[PASSED]\ntest/test_main_simple/test_main_simple.cpp:435: test_main_loop_error_state_handling\t[PASSED]\ntest/test_main_simple/test_main_simple.cpp:436: test_main_loop_button_processing\t[PASSED]\ntest/test_main_simple/test_main_simple.cpp:439: test_main_system_integration\t[PASSED]\ntest/test_main_simple/test_main_simple.cpp:440: test_main_timing_and_performance\t[PASSED]\n-------------- native:test_main_simple [PASSED] Took 0.90 seconds --------------\n\nProcessing test_error_handler_simple in native environment\n--------------------------------------------------------------------------------\nBuilding...\nTesting...\ntest/test_error_handler_simple/test_error_handler_simple.cpp:188: test_error_handler_basic_functionality\t[PASSED]\ntest/test_error_handler_simple/test_error_handler_simple.cpp:189: test_error_handler_error_type_classification\t[PASSED]\ntest/test_error_handler_simple/test_error_handler_simple.cpp:190: test_error_handler_null_handling\t[PASSED]\ntest/test_error_handler_simple/test_error_handler_simple.cpp:191: test_error_handler_severity_threshold\t[PASSED]\n--------- native:test_error_handler_simple [PASSED] Took 0.87 seconds ---------\n\nProcessing disabled/test_display_manager_coverage in native environment\n--------------------------------------------------------------------------------\nBuilding...\n\nProcessing test_time_utils_simple in native environment\n--------------------------------------------------------------------------------\nBuilding...\nTesting...\ntest/test_time_utils_simple/test_time_utils_simple.cpp:266: test_timeutils_unix_to_ntp_conversion\t[PASSED]\ntest/test_time_utils_simple/test_time_utils_simple.cpp:267: test_timeutils_ntp_to_unix_conversion\t[PASSED]\ntest/test_time_utils_simple/test_time_utils_simple.cpp:268: test_timeutils_time_formatting\t[PASSED]\ntest/test_time_utils_simple/test_time_utils_simple.cpp:269: test_timeutils_time_difference_calculation\t[PASSED]\ntest/test_time_utils_simple/test_time_utils_simple.cpp:270: test_timeutils_leap_year_calculation\t[PASSED]\ntest/test_time_utils_simple/test_time_utils_simple.cpp:271: test_timeutils_precision_calculation\t[PASSED]\ntest/test_time_utils_simple/test_time_utils_simple.cpp:272: test_timeutils_precise_ntp_timestamp\t[PASSED]\ntest/test_time_utils_simple/test_time_utils_simple.cpp:273: test_timeutils_time_sync_quality\t[PASSED]\ntest/test_time_utils_simple/test_time_utils_simple.cpp:274: test_timeutils_ntp_short_format\t[PASSED]\ntest/test_time_utils_simple/test_time_utils_simple.cpp:275: test_timeutils_get_current_micros\t[PASSED]\ntest/test_time_utils_simple/test_time_utils_simple.cpp:276: test_timeutils_error_handling\t[PASSED]\n----------- native:test_time_utils_simple [PASSED] Took 0.86 seconds -----------\n\nProcessing test_system_controller_simple in native environment\n--------------------------------------------------------------------------------\nBuilding...\nTesting...\ntest/test_system_controller_simple/test_system_controller_simple.cpp:280: test_system_controller_initialization\t[PASSED]\ntest/test_system_controller_simple/test_system_controller_simple.cpp:281: test_system_controller_state_transitions\t[PASSED]\ntest/test_system_controller_simple/test_system_controller_simple.cpp:282: test_system_controller_service_health\t[PASSED]\ntest/test_system_controller_simple/test_system_controller_simple.cpp:283: test_system_controller_error_state\t[PASSED]\n------- native:test_system_controller_simple [PASSED] Took 0.88 seconds -------\n\ntest/test_config_manager_coverage_simple/test_config_manager_coverage_simple.cpp:457:52: warning: implicit conversion from 'int' to 'uint16_t' (aka 'unsigned short') changes value from 65536 to 0 [-Wconstant-conversion]\n  457 |     TEST_ASSERT_FALSE(configManager->setSyslogPort(65536)); // Too large (> uint16_t max)\n      |                                      ~~~~~~~~~~~~~ ^~~~~\n.pio/libdeps/native/Unity/src/unity.h:138:126: note: expanded from macro 'TEST_ASSERT_FALSE'\n  138 | #define TEST_ASSERT_FALSE(condition)                                                               UNITY_TEST_ASSERT(      !(condition), __LINE__, \" Expected FALSE Was TRUE\")\n      |                                                                                                                              ^~~~~~~~~\n.pio/libdeps/native/Unity/src/unity_internals.h:877:107: note: expanded from macro 'UNITY_TEST_ASSERT'\n  877 | #define UNITY_TEST_ASSERT(condition, line, message)                                              do { if (condition) { /* nothing*/ } else { UNITY_TEST_FAIL((UNITY_LINE_TYPE)(line), (message)); } } while (0)\n      |                                                                                                           ^~~~~~~~~\n1 warning generated.\ntest/disabled/test_i2c_utils_coverage.cpp:106:85: error: too many arguments to function call, expected at most 4, have 5\n  106 |     bool result = I2CUtils::initializeBus(mock_wire, sda_pin, scl_pin, clock_speed, true);\n      |                   ~~~~~~~~~~~~~~~~~~~~~~~                                           ^~~~\ntest/disabled/test_i2c_utils_coverage.cpp:71:17: note: 'initializeBus' declared here\n   71 |     static bool initializeBus(MockTwoWire& wire, uint8_t sda_pin, uint8_t scl_pin, uint32_t clock_speed = 100000) {\n      |                 ^             ~~~~~~~~~~~~~~~~~~~~~~~~~~~~~~~~~~~~~~~~~~~~~~~~~~~~~~~~~~~~~~~~~~~~~~~~~~~~~~~~~~\ntest/disabled/test_i2c_utils_coverage.cpp:121:35: error: no member named 'testDevice' in 'I2CUtils'\n  121 |     bool device_found = I2CUtils::testDevice(mock_wire, 0x42, 3);\n      |                         ~~~~~~~~~~^\ntest/disabled/test_i2c_utils_coverage.cpp:126:39: error: no member named 'testDevice' in 'I2CUtils'\n  126 |     bool device_not_found = I2CUtils::testDevice(mock_wire, 0x99, 3);\n      |                             ~~~~~~~~~~^\ntest/disabled/test_i2c_utils_coverage.cpp:134:41: error: no member named 'testDevice' in 'I2CUtils'\n  134 |     bool device_found_retry = I2CUtils::testDevice(mock_wire, 0x42, 2);\n      |                               ~~~~~~~~~~^\ntest/disabled/test_i2c_utils_coverage.cpp:144:15: error: no type named 'I2CResult' in 'I2CUtils'\n  144 |     I2CUtils::I2CResult timeout_result = I2CUtils::safeRead(mock_wire, 0x42, 0x00, nullptr, 1, 1);\n      |     ~~~~~~~~~~^\ntest/disabled/test_i2c_utils_coverage.cpp:144:52: error: no member named 'safeRead' in 'I2CUtils'\n  144 |     I2CUtils::I2CResult timeout_result = I2CUtils::safeRead(mock_wire, 0x42, 0x00, nullptr, 1, 1);\n      |                                          ~~~~~~~~~~^\ntest/disabled/test_i2c_utils_coverage.cpp:145:33: error: no member named 'I2C_ERROR_OTHER' in 'I2CUtils'\n  145 |     TEST_ASSERT_EQUAL(I2CUtils::I2C_ERROR_OTHER, timeout_result); // Due to null buffer\n      |                       ~~~~~~~~~~^\n.pio/libdeps/native/Unity/src/unity.h:392:129: note: expanded from macro 'TEST_ASSERT_EQUAL'\n  392 | #define TEST_ASSERT_EQUAL(expected, actual)                                                        UNITY_TEST_ASSERT_EQUAL_INT((expected), (actual), __LINE__, NULL)\n      |                                                                                                                                 ^~~~~~~~\n.pio/libdeps/native/Unity/src/unity_internals.h:883:133: note: expanded from macro 'UNITY_TEST_ASSERT_EQUAL_INT'\n  883 | #define UNITY_TEST_ASSERT_EQUAL_INT(expected, actual, line, message)                             UnityAssertEqualNumber((UNITY_INT)(expected), (UNITY_INT)(actual), (message), (UNITY_LINE_TYPE)(line), UNITY_DISPLAY_STYLE_INT)\n      |                                                                                                                                     ^~~~~~~~\ntest/disabled/test_i2c_utils_coverage.cpp:150:15: error: no type named 'I2CResult' in 'I2CUtils'\n  150 |     I2CUtils::I2CResult nack_result = I2CUtils::safeRead(mock_wire, 0x42, 0x00, buffer, 4, 1);\n      |     ~~~~~~~~~~^\ntest/disabled/test_i2c_utils_coverage.cpp:150:49: error: no member named 'safeRead' in 'I2CUtils'\n  150 |     I2CUtils::I2CResult nack_result = I2CUtils::safeRead(mock_wire, 0x42, 0x00, buffer, 4, 1);\n      |                                       ~~~~~~~~~~^\ntest/disabled/test_i2c_utils_coverage.cpp:151:33: error: no member named 'I2C_ERROR_ADDRESS_NACK' in 'I2CUtils'\n  151 |     TEST_ASSERT_EQUAL(I2CUtils::I2C_ERROR_ADDRESS_NACK, nack_result);\n      |                       ~~~~~~~~~~^\n.pio/libdeps/native/Unity/src/unity.h:392:129: note: expanded from macro 'TEST_ASSERT_EQUAL'\n  392 | #define TEST_ASSERT_EQUAL(expected, actual)                                                        UNITY_TEST_ASSERT_EQUAL_INT((expected), (actual), __LINE__, NULL)\n      |                                                                                                                                 ^~~~~~~~\n.pio/libdeps/native/Unity/src/unity_internals.h:883:133: note: expanded from macro 'UNITY_TEST_ASSERT_EQUAL_INT'\n  883 | #define UNITY_TEST_ASSERT_EQUAL_INT(expected, actual, line, message)                             UnityAssertEqualNumber((UNITY_INT)(expected), (UNITY_INT)(actual), (message), (UNITY_LINE_TYPE)(line), UNITY_DISPLAY_STYLE_INT)\n      |                                                                                                                                     ^~~~~~~~\ntest/disabled/test_i2c_utils_coverage.cpp:155:25: error: use of undeclared identifier 'data_nack_result'; did you mean 'nack_result'?\n  155 |     I2CUtils::I2CResult data_nack_result = I2CUtils::safeRead(mock_wire, 0x42, 0x00, buffer, 4, 1);\n      |                         ^~~~~~~~~~~~~~~~\n      |                         nack_result\ntest/disabled/test_i2c_utils_coverage.cpp:150:25: note: 'nack_result' declared here\n  150 |     I2CUtils::I2CResult nack_result = I2CUtils::safeRead(mock_wire, 0x42, 0x00, buffer, 4, 1);\n      |                         ^\ntest/disabled/test_i2c_utils_coverage.cpp:155:24: error: expected ';' after expression\n  155 |     I2CUtils::I2CResult data_nack_result = I2CUtils::safeRead(mock_wire, 0x42, 0x00, buffer, 4, 1);\n      |                        ^\n      |                        ;\ntest/disabled/test_i2c_utils_coverage.cpp:155:15: error: no member named 'I2CResult' in 'I2CUtils'\n  155 |     I2CUtils::I2CResult data_nack_result = I2CUtils::safeRead(mock_wire, 0x42, 0x00, buffer, 4, 1);\n      |     ~~~~~~~~~~^\ntest/disabled/test_i2c_utils_coverage.cpp:155:54: error: no member named 'safeRead' in 'I2CUtils'\n  155 |     I2CUtils::I2CResult data_nack_result = I2CUtils::safeRead(mock_wire, 0x42, 0x00, buffer, 4, 1);\n      |                                            ~~~~~~~~~~^\ntest/disabled/test_i2c_utils_coverage.cpp:156:54: error: use of undeclared identifier 'data_nack_result'; did you mean 'nack_result'?\n  156 |     TEST_ASSERT_EQUAL(I2CUtils::I2C_ERROR_DATA_NACK, data_nack_result);\n      |                                                      ^~~~~~~~~~~~~~~~\n      |                                                      nack_result\n.pio/libdeps/native/Unity/src/unity.h:392:141: note: expanded from macro 'TEST_ASSERT_EQUAL'\n  392 | #define TEST_ASSERT_EQUAL(expected, actual)                                                        UNITY_TEST_ASSERT_EQUAL_INT((expected), (actual), __LINE__, NULL)\n      |                                                                                                                                             ^\n.pio/libdeps/native/Unity/src/unity_internals.h:883:156: note: expanded from macro 'UNITY_TEST_ASSERT_EQUAL_INT'\n  883 | #define UNITY_TEST_ASSERT_EQUAL_INT(expected, actual, line, message)                             UnityAssertEqualNumber((UNITY_INT)(expected), (UNITY_INT)(actual), (message), (UNITY_LINE_TYPE)(line), UNITY_DISPLAY_STYLE_INT)\n      |                                                                                                                                                            ^\ntest/disabled/test_i2c_utils_coverage.cpp:150:25: note: 'nack_result' declared here\n  150 |     I2CUtils::I2CResult nack_result = I2CUtils::safeRead(mock_wire, 0x42, 0x00, buffer, 4, 1);\n      |                         ^\ntest/disabled/test_i2c_utils_coverage.cpp:156:33: error: no member named 'I2C_ERROR_DATA_NACK' in 'I2CUtils'\n  156 |     TEST_ASSERT_EQUAL(I2CUtils::I2C_ERROR_DATA_NACK, data_nack_result);\n      |                       ~~~~~~~~~~^\n.pio/libdeps/native/Unity/src/unity.h:392:129: note: expanded from macro 'TEST_ASSERT_EQUAL'\n  392 | #define TEST_ASSERT_EQUAL(expected, actual)                                                        UNITY_TEST_ASSERT_EQUAL_INT((expected), (actual), __LINE__, NULL)\n      |                                                                                                                                 ^~~~~~~~\n.pio/libdeps/native/Unity/src/unity_internals.h:883:133: note: expanded from macro 'UNITY_TEST_ASSERT_EQUAL_INT'\n  883 | #define UNITY_TEST_ASSERT_EQUAL_INT(expected, actual, line, message)                             UnityAssertEqualNumber((UNITY_INT)(expected), (UNITY_INT)(actual), (message), (UNITY_LINE_TYPE)(line), UNITY_DISPLAY_STYLE_INT)\n      |                                                                                                                                     ^~~~~~~~\ntest/disabled/test_i2c_utils_coverage.cpp:160:15: error: no type named 'I2CResult' in 'I2CUtils'\n  160 |     I2CUtils::I2CResult overflow_result = I2CUtils::safeRead(mock_wire, 0x42, 0x00, buffer, 4, 1);\n      |     ~~~~~~~~~~^\ntest/disabled/test_i2c_utils_coverage.cpp:160:53: error: no member named 'safeRead' in 'I2CUtils'\n  160 |     I2CUtils::I2CResult overflow_result = I2CUtils::safeRead(mock_wire, 0x42, 0x00, buffer, 4, 1);\n      |                                           ~~~~~~~~~~^\ntest/disabled/test_network_manager_coverage.cpp:743:39: error: 'INIT_START' is a private member of 'NetworkManager'\n  743 |     TEST_ASSERT_EQUAL(NetworkManager::INIT_START, asyncManager.getInitState());\n      |                                       ^\ntest/disabled/test_network_manager_coverage.cpp:189:9: note: declared private here\n  189 |         INIT_START,\n      |         ^\ntest/disabled/test_network_manager_coverage.cpp:757:39: error: 'INIT_COMPLETE' is a private member of 'NetworkManager'\n  757 |     TEST_ASSERT_EQUAL(NetworkManager::INIT_COMPLETE, asyncManager.getInitState());\n      |                                       ^\ntest/disabled/test_network_manager_coverage.cpp:195:9: note: declared private here\n  195 |         INIT_COMPLETE\n      |         ^\ntest/disabled/test_i2c_utils_coverage.cpp:161:33: error: no member named 'I2C_ERROR_BUFFER_OVERFLOW' in 'I2CUtils'\n  161 |     TEST_ASSERT_EQUAL(I2CUtils::I2C_ERROR_BUFFER_OVERFLOW, overflow_result);\n      |                       ~~~~~~~~~~^\n.pio/libdeps/native/Unity/src/unity.h:392:129: note: expanded from macro 'TEST_ASSERT_EQUAL'\n  392 | #define TEST_ASSERT_EQUAL(expected, actual)                                                        UNITY_TEST_ASSERT_EQUAL_INT((expected), (actual), __LINE__, NULL)\n      |                                                                                                                                 ^~~~~~~~\n.pio/libdeps/native/Unity/src/unity_internals.h:883:133: note: expanded from macro 'UNITY_TEST_ASSERT_EQUAL_INT'\n  883 | #define UNITY_TEST_ASSERT_EQUAL_INT(expected, actual, line, message)                             UnityAssertEqualNumber((UNITY_INT)(expected), (UNITY_INT)(actual), (message), (UNITY_LINE_TYPE)(line), UNITY_DISPLAY_STYLE_INT)\n      |                                                                                                                                     ^~~~~~~~\n2 errors generated.\nfatal error: too many errors emitted, stopping now [-ferror-limit=]\n20 errors generated.\ntest/disabled/test_time_manager_coverage.cpp:65:13: error: redefinition of 'Wire1' with a different type: 'MockTwoWire' vs 'MockWire'\n   65 | MockTwoWire Wire1;\n      |             ^\ntest/arduino_mock.h:182:17: note: previous declaration is here\n  182 | extern MockWire Wire1;\n      |                 ^\ntest/disabled/test_time_manager_coverage.cpp:385:29: error: no viable conversion from 'DateTime' to 'const MockDateTime'\n  385 |                 rtc->adjust(gpsDateTime);\n      |                             ^~~~~~~~~~~\ntest/disabled/test_time_manager_coverage.cpp:68:7: note: candidate constructor (the implicit copy constructor) not viable: no known conversion from 'DateTime' to 'const MockDateTime &' for 1st argument\n   68 | class MockDateTime {\n      |       ^~~~~~~~~~~~\ntest/disabled/test_time_manager_coverage.cpp:68:7: note: candidate constructor (the implicit move constructor) not viable: no known conversion from 'DateTime' to 'MockDateTime &&' for 1st argument\n   68 | class MockDateTime {\n      |       ^~~~~~~~~~~~\ntest/disabled/test_time_manager_coverage.cpp:92:37: note: passing argument to parameter 'dt' here\n   92 |     void adjust(const MockDateTime& dt) { \n      |                                     ^\n2 errors generated.\n*** [.pio/build/native/test/disabled/test_network_manager_coverage.o] Error 1\n*** [.pio/build/native/test/disabled/test_i2c_utils_coverage.o] Error 1\n*** [.pio/build/native/test/disabled/test_time_manager_coverage.o] Error 1\nBuilding stage has failed, see errors above. Use `pio test -vvv` option to enable verbose output.\n-- native:disabled/test_display_manager_coverage [ERRORED] Took 0.85 seconds --\n=================================== SUMMARY ===================================\nEnvironment    Test                                    Status    Duration\n-------------  --------------------------------------  --------  ------------\nnative         test_display_manager_simple             PASSED    00:00:01.575\nnative         test_time_utils_coverage                PASSED    00:00:00.900\nnative         test_time_manager_simple                PASSED    00:00:00.886\nnative         test_config_manager_coverage_simple     PASSED    00:00:00.869\nnative         test_i2c_utils_simple                   PASSED    00:00:00.883\nnative         test_log_utils_arduino                  PASSED    00:00:00.910\nnative         test_config_manager_simple              PASSED    00:00:00.908\nnative         test_log_utils_simple                   PASSED    00:00:00.874\nnative         test_integration_extended               PASSED    00:00:00.939\nnative         test_main_simple                        PASSED    00:00:00.895\nnative         test_error_handler_simple               PASSED    00:00:00.866\nnative         disabled/test_display_manager_coverage  ERRORED   00:00:00.852\nnative         test_time_utils_simple                  PASSED    00:00:00.856\nnative         test_system_controller_simple           PASSED    00:00:00.877\n================ 108 test cases: 107 succeeded in 00:00:13.090 ================\n"
    },
    "test_native": {
      "status": "passed",
      "output": "Verbosity level can be increased via `-v, -vv, or -vvv` option\nCollected 14 tests\n\nProcessing test_display_manager_simple in test_native environment\n--------------------------------------------------------------------------------\nBuilding...\nTesting...\ntest/test_display_manager_simple/test_display_manager_simple.cpp:609: test_display_manager_initialization\t[PASSED]\ntest/test_display_manager_simple/test_display_manager_simple.cpp:610: test_display_manager_i2c_fallback\t[PASSED]\ntest/test_display_manager_simple/test_display_manager_simple.cpp:611: test_display_manager_mode_switching\t[PASSED]\ntest/test_display_manager_simple/test_display_manager_simple.cpp:612: test_display_manager_gps_time_display\t[PASSED]\ntest/test_display_manager_simple/test_display_manager_simple.cpp:613: test_display_manager_satellites_display\t[PASSED]\ntest/test_display_manager_simple/test_display_manager_simple.cpp:614: test_display_manager_ntp_stats_display\t[PASSED]\ntest/test_display_manager_simple/test_display_manager_simple.cpp:615: test_display_manager_system_status_display\t[PASSED]\ntest/test_display_manager_simple/test_display_manager_simple.cpp:616: test_display_manager_error_handling\t[PASSED]\ntest/test_display_manager_simple/test_display_manager_simple.cpp:617: test_display_manager_sleep_wake\t[PASSED]\ntest/test_display_manager_simple/test_display_manager_simple.cpp:618: test_display_manager_initialization_failure\t[PASSED]\ntest/test_display_manager_simple/test_display_manager_simple.cpp:619: test_display_manager_invalid_gps_data\t[PASSED]\n------ test_native:test_display_manager_simple [PASSED] Took 0.91 seconds ------\n\nProcessing test_time_utils_coverage in test_native environment\n--------------------------------------------------------------------------------\nBuilding...\nTesting...\ntest/test_time_utils_coverage/test_time_utils_coverage.cpp:298: test_timeutils_unix_to_ntp_timestamp_conversion\t[PASSED]\ntest/test_time_utils_coverage/test_time_utils_coverage.cpp:299: test_timeutils_ntp_to_unix_time_conversion\t[PASSED]\ntest/test_time_utils_coverage/test_time_utils_coverage.cpp:302: test_timeutils_overflow_underflow_boundary_values\t[PASSED]\ntest/test_time_utils_coverage/test_time_utils_coverage.cpp:305: test_timeutils_precision_time_difference_calculation\t[PASSED]\ntest/test_time_utils_coverage/test_time_utils_coverage.cpp:308: test_timeutils_leap_second_timezone_daylight_handling\t[PASSED]\ntest/test_time_utils_coverage/test_time_utils_coverage.cpp:311: test_timeutils_ntp_timestamp_precision_levels\t[PASSED]\ntest/test_time_utils_coverage/test_time_utils_coverage.cpp:314: test_timeutils_time_sync_quality_evaluation\t[PASSED]\ntest/test_time_utils_coverage/test_time_utils_coverage.cpp:317: test_timeutils_ntp_short_format_conversion\t[PASSED]\ntest/test_time_utils_coverage/test_time_utils_coverage.cpp:320: test_timeutils_time_string_formatting\t[PASSED]\ntest/test_time_utils_coverage/test_time_utils_coverage.cpp:323: test_timeutils_get_current_micros_precision_overflow\t[PASSED]\ntest/test_time_utils_coverage/test_time_utils_coverage.cpp:326: test_timeutils_error_handling_abnormal_values\t[PASSED]\n------- test_native:test_time_utils_coverage [PASSED] Took 0.78 seconds -------\n\nProcessing test_time_manager_simple in test_native environment\n--------------------------------------------------------------------------------\nBuilding...\nTesting...\ntest/test_time_manager_simple/test_time_manager_simple.cpp:592: test_time_manager_initialization\t[PASSED]\ntest/test_time_manager_simple/test_time_manager_simple.cpp:593: test_time_manager_gps_synchronization\t[PASSED]\ntest/test_time_manager_simple/test_time_manager_simple.cpp:594: test_time_manager_unix_time_conversion\t[PASSED]\ntest/test_time_manager_simple/test_time_manager_simple.cpp:595: test_time_manager_microsecond_precision\t[PASSED]\ntest/test_time_manager_simple/test_time_manager_simple.cpp:596: test_time_manager_pps_signal_processing\t[PASSED]\ntest/test_time_manager_simple/test_time_manager_simple.cpp:597: test_time_manager_gps_loss_fallback\t[PASSED]\ntest/test_time_manager_simple/test_time_manager_simple.cpp:598: test_time_manager_rtc_failure\t[PASSED]\ntest/test_time_manager_simple/test_time_manager_simple.cpp:599: test_time_manager_time_difference\t[PASSED]\ntest/test_time_manager_simple/test_time_manager_simple.cpp:600: test_time_manager_invalid_gps_data\t[PASSED]\ntest/test_time_manager_simple/test_time_manager_simple.cpp:601: test_time_manager_stratum_level_management\t[PASSED]\ntest/test_time_manager_simple/test_time_manager_simple.cpp:602: test_time_manager_time_accuracy\t[PASSED]\ntest/test_time_manager_simple/test_time_manager_simple.cpp:603: test_time_manager_edge_cases\t[PASSED]\n------- test_native:test_time_manager_simple [PASSED] Took 0.78 seconds -------\n\nProcessing test_config_manager_coverage_simple in test_native environment\n--------------------------------------------------------------------------------\nBuilding...\nTesting...\ntest/test_config_manager_coverage_simple/test_config_manager_coverage_simple.cpp:623: test_config_manager_initialization\t[PASSED]\ntest/test_config_manager_coverage_simple/test_config_manager_coverage_simple.cpp:624: test_config_manager_validation\t[PASSED]\ntest/test_config_manager_coverage_simple/test_config_manager_coverage_simple.cpp:625: test_config_manager_persistence\t[PASSED]\ntest/test_config_manager_coverage_simple/test_config_manager_coverage_simple.cpp:626: test_config_manager_factory_reset\t[PASSED]\ntest/test_config_manager_coverage_simple/test_config_manager_coverage_simple.cpp:627: test_config_manager_storage_failure\t[PASSED]\ntest/test_config_manager_coverage_simple/test_config_manager_coverage_simple.cpp:628: test_config_manager_corruption_detection\t[PASSED]\ntest/test_config_manager_coverage_simple/test_config_manager_coverage_simple.cpp:629: test_config_manager_json_serialization\t[PASSED]\ntest/test_config_manager_coverage_simple/test_config_manager_coverage_simple.cpp:630: test_config_manager_json_error_handling\t[PASSED]\n-- test_native:test_config_manager_coverage_simple [PASSED] Took 0.79 seconds --\n\nProcessing test_i2c_utils_simple in test_native environment\n--------------------------------------------------------------------------------\nBuilding...\nTesting...\ntest/test_i2c_utils_simple/test_i2c_utils_simple.cpp:428: test_i2c_utils_initialization\t[PASSED]\ntest/test_i2c_utils_simple/test_i2c_utils_simple.cpp:429: test_i2c_utils_device_scanning\t[PASSED]\ntest/test_i2c_utils_simple/test_i2c_utils_simple.cpp:430: test_i2c_utils_data_writing\t[PASSED]\ntest/test_i2c_utils_simple/test_i2c_utils_simple.cpp:431: test_i2c_utils_data_reading\t[PASSED]\ntest/test_i2c_utils_simple/test_i2c_utils_simple.cpp:432: test_i2c_utils_device_presence\t[PASSED]\ntest/test_i2c_utils_simple/test_i2c_utils_simple.cpp:433: test_i2c_utils_register_operations\t[PASSED]\ntest/test_i2c_utils_simple/test_i2c_utils_simple.cpp:434: test_i2c_utils_error_handling\t[PASSED]\ntest/test_i2c_utils_simple/test_i2c_utils_simple.cpp:435: test_i2c_utils_retry_mechanism\t[PASSED]\ntest/test_i2c_utils_simple/test_i2c_utils_simple.cpp:436: test_i2c_utils_error_conditions\t[PASSED]\n--------- test_native:test_i2c_utils_simple [PASSED] Took 0.76 seconds ---------\n\nProcessing test_log_utils_arduino in test_native environment\n--------------------------------------------------------------------------------\nBuilding...\nTesting...\ntest/test_log_utils_arduino/test_log_utils_arduino.cpp:218: test_logutils_basic_log_levels\t[PASSED]\ntest/test_log_utils_arduino/test_log_utils_arduino.cpp:219: test_logutils_formatted_logging\t[PASSED]\ntest/test_log_utils_arduino/test_log_utils_arduino.cpp:220: test_logutils_null_service_handling\t[PASSED]\ntest/test_log_utils_arduino/test_log_utils_arduino.cpp:221: test_logutils_null_parameter_handling\t[PASSED]\ntest/test_log_utils_arduino/test_log_utils_arduino.cpp:222: test_logutils_multiple_log_levels\t[PASSED]\n-------- test_native:test_log_utils_arduino [PASSED] Took 0.77 seconds --------\n\nProcessing test_config_manager_simple in test_native environment\n--------------------------------------------------------------------------------\nBuilding...\nTesting...\ntest/test_config_manager_simple/test_config_manager_simple.cpp:460: test_config_manager_initialization\t[PASSED]\ntest/test_config_manager_simple/test_config_manager_simple.cpp:461: test_config_manager_validation\t[PASSED]\ntest/test_config_manager_simple/test_config_manager_simple.cpp:462: test_config_manager_persistence\t[PASSED]\ntest/test_config_manager_simple/test_config_manager_simple.cpp:463: test_config_manager_factory_reset\t[PASSED]\ntest/test_config_manager_simple/test_config_manager_simple.cpp:464: test_config_manager_storage_failure\t[PASSED]\ntest/test_config_manager_simple/test_config_manager_simple.cpp:465: test_config_manager_corruption_detection\t[PASSED]\ntest/test_config_manager_simple/test_config_manager_simple.cpp:466: test_config_manager_individual_setters\t[PASSED]\n------ test_native:test_config_manager_simple [PASSED] Took 0.77 seconds ------\n\nProcessing test_log_utils_simple in test_native environment\n--------------------------------------------------------------------------------\nBuilding...\nTesting...\ntest/test_log_utils_simple/test_log_utils_simple.cpp:122: test_logutils_basic_functionality\t[PASSED]\ntest/test_log_utils_simple/test_log_utils_simple.cpp:123: test_logutils_null_handling\t[PASSED]\ntest/test_log_utils_simple/test_log_utils_simple.cpp:124: test_logutils_multiple_calls\t[PASSED]\n--------- test_native:test_log_utils_simple [PASSED] Took 0.77 seconds ---------\n\nProcessing test_integration_extended in test_native environment\n--------------------------------------------------------------------------------\nBuilding...\nTesting...\ntest/test_integration_extended/test_integration_extended.cpp:608: test_integration_full_system_normal_operation\t[PASSED]\ntest/test_integration_extended/test_integration_extended.cpp:609: test_integration_gps_failure_rtc_fallback\t[PASSED]\ntest/test_integration_extended/test_integration_extended.cpp:610: test_integration_network_failure_cascade\t[PASSED]\ntest/test_integration_extended/test_integration_extended.cpp:611: test_integration_critical_storage_failure\t[PASSED]\ntest/test_integration_extended/test_integration_extended.cpp:612: test_integration_multiple_component_failures\t[PASSED]\ntest/test_integration_extended/test_integration_extended.cpp:615: test_integration_gps_recovery_scenario\t[PASSED]\ntest/test_integration_extended/test_integration_extended.cpp:616: test_integration_network_recovery_cascade\t[PASSED]\ntest/test_integration_extended/test_integration_extended.cpp:619: test_integration_performance_normal_load\t[PASSED]\ntest/test_integration_extended/test_integration_extended.cpp:620: test_integration_performance_high_load\t[PASSED]\ntest/test_integration_extended/test_integration_extended.cpp:621: test_integration_performance_memory_pressure\t[PASSED]\ntest/test_integration_extended/test_integration_extended.cpp:624: test_integration_cross_component_communication\t[PASSED]\ntest/test_integration_extended/test_integration_extended.cpp:625: test_integration_system_resilience_stress_test\t[PASSED]\n------- test_native:test_integration_extended [PASSED] Took 0.80 seconds -------\n\nProcessing test_main_simple in test_native environment\n--------------------------------------------------------------------------------\nBuilding...\nTesting...\ntest/test_main_simple/test_main_simple.cpp:427: test_main_setup_normal_initialization\t[PASSED]\ntest/test_main_simple/test_main_simple.cpp:428: test_main_setup_i2c_oled_failure\t[PASSED]\ntest/test_main_simple/test_main_simple.cpp:429: test_main_setup_gps_failure_rtc_fallback\t[PASSED]\ntest/test_main_simple/test_main_simple.cpp:432: test_main_loop_basic_operations\t[PASSED]\ntest/test_main_simple/test_main_simple.cpp:433: test_main_loop_pps_signal_processing\t[PASSED]\ntest/test_main_simple/test_main_simple.cpp:434: test_main_loop_system_status_updates\t[PASSED]\ntest/test_main_simple/test_main_simple.cpp:435: test_main_loop_error_state_handling\t[PASSED]\ntest/test_main_simple/test_main_simple.cpp:436: test_main_loop_button_processing\t[PASSED]\ntest/test_main_simple/test_main_simple.cpp:439: test_main_system_integration\t[PASSED]\ntest/test_main_simple/test_main_simple.cpp:440: test_main_timing_and_performance\t[PASSED]\n----------- test_native:test_main_simple [PASSED] Took 0.79 seconds -----------\n\nProcessing test_error_handler_simple in test_native environment\n--------------------------------------------------------------------------------\nBuilding...\nTesting...\ntest/test_error_handler_simple/test_error_handler_simple.cpp:188: test_error_handler_basic_functionality\t[PASSED]\ntest/test_error_handler_simple/test_error_handler_simple.cpp:189: test_error_handler_error_type_classification\t[PASSED]\ntest/test_error_handler_simple/test_error_handler_simple.cpp:190: test_error_handler_null_handling\t[PASSED]\ntest/test_error_handler_simple/test_error_handler_simple.cpp:191: test_error_handler_severity_threshold\t[PASSED]\n------- test_native:test_error_handler_simple [PASSED] Took 0.78 seconds -------\n\nProcessing test_time_utils_simple in test_native environment\n--------------------------------------------------------------------------------\nBuilding...\nTesting...\ntest/test_time_utils_simple/test_time_utils_simple.cpp:266: test_timeutils_unix_to_ntp_conversion\t[PASSED]\ntest/test_time_utils_simple/test_time_utils_simple.cpp:267: test_timeutils_ntp_to_unix_conversion\t[PASSED]\ntest/test_time_utils_simple/test_time_utils_simple.cpp:268: test_timeutils_time_formatting\t[PASSED]\ntest/test_time_utils_simple/test_time_utils_simple.cpp:269: test_timeutils_time_difference_calculation\t[PASSED]\ntest/test_time_utils_simple/test_time_utils_simple.cpp:270: test_timeutils_leap_year_calculation\t[PASSED]\ntest/test_time_utils_simple/test_time_utils_simple.cpp:271: test_timeutils_precision_calculation\t[PASSED]\ntest/test_time_utils_simple/test_time_utils_simple.cpp:272: test_timeutils_precise_ntp_timestamp\t[PASSED]\ntest/test_time_utils_simple/test_time_utils_simple.cpp:273: test_timeutils_time_sync_quality\t[PASSED]\ntest/test_time_utils_simple/test_time_utils_simple.cpp:274: test_timeutils_ntp_short_format\t[PASSED]\ntest/test_time_utils_simple/test_time_utils_simple.cpp:275: test_timeutils_get_current_micros\t[PASSED]\ntest/test_time_utils_simple/test_time_utils_simple.cpp:276: test_timeutils_error_handling\t[PASSED]\n-------- test_native:test_time_utils_simple [PASSED] Took 0.76 seconds --------\n\nProcessing test_system_controller_simple in test_native environment\n--------------------------------------------------------------------------------\nBuilding...\nTesting...\ntest/test_system_controller_simple/test_system_controller_simple.cpp:280: test_system_controller_initialization\t[PASSED]\ntest/test_system_controller_simple/test_system_controller_simple.cpp:281: test_system_controller_state_transitions\t[PASSED]\ntest/test_system_controller_simple/test_system_controller_simple.cpp:282: test_system_controller_service_health\t[PASSED]\ntest/test_system_controller_simple/test_system_controller_simple.cpp:283: test_system_controller_error_state\t[PASSED]\n----- test_native:test_system_controller_simple [PASSED] Took 0.85 seconds -----\n\n=================================== SUMMARY ===================================\nEnvironment    Test                                 Status    Duration\n-------------  -----------------------------------  --------  ------------\ntest_native    test_display_manager_simple          PASSED    00:00:00.914\ntest_native    test_time_utils_coverage             PASSED    00:00:00.779\ntest_native    test_time_manager_simple             PASSED    00:00:00.775\ntest_native    test_config_manager_coverage_simple  PASSED    00:00:00.786\ntest_native    test_i2c_utils_simple                PASSED    00:00:00.763\ntest_native    test_log_utils_arduino               PASSED    00:00:00.774\ntest_native    test_config_manager_simple           PASSED    00:00:00.774\ntest_native    test_log_utils_simple                PASSED    00:00:00.769\ntest_native    test_integration_extended            PASSED    00:00:00.805\ntest_native    test_main_simple                     PASSED    00:00:00.787\ntest_native    test_error_handler_simple            PASSED    00:00:00.778\ntest_native    test_time_utils_simple               PASSED    00:00:00.763\ntest_native    test_system_controller_simple        PASSED    00:00:00.849\n================ 107 test cases: 107 succeeded in 00:00:10.317 ================\ntest/test_config_manager_coverage_simple/test_config_manager_coverage_simple.cpp:457:52: warning: implicit conversion from 'int' to 'uint16_t' (aka 'unsigned short') changes value from 65536 to 0 [-Wconstant-conversion]\n  457 |     TEST_ASSERT_FALSE(configManager->setSyslogPort(65536)); // Too large (> uint16_t max)\n      |                                      ~~~~~~~~~~~~~ ^~~~~\n.pio/libdeps/test_native/Unity/src/unity.h:138:126: note: expanded from macro 'TEST_ASSERT_FALSE'\n  138 | #define TEST_ASSERT_FALSE(condition)                                                               UNITY_TEST_ASSERT(      !(condition), __LINE__, \" Expected FALSE Was TRUE\")\n      |                                                                                                                              ^~~~~~~~~\n.pio/libdeps/test_native/Unity/src/unity_internals.h:877:107: note: expanded from macro 'UNITY_TEST_ASSERT'\n  877 | #define UNITY_TEST_ASSERT(condition, line, message)                                              do { if (condition) { /* nothing*/ } else { UNITY_TEST_FAIL((UNITY_LINE_TYPE)(line), (message)); } } while (0)\n      |                                                                                                           ^~~~~~~~~\n1 warning generated.\n"
    },
    "build_status": {
      "status": "success",
      "output": "Build successful"
    }
  },
  "coverage": {
    "components": {
      "ConfigManager": {
        "source_path": "src/config",
        "has_test": false,
        "test_files": []
      },
      "LoggingService": {
        "source_path": "src/config",
        "has_test": false,
        "test_files": []
      },
      "DisplayManager": {
        "source_path": "src/display",
        "has_test": false,
        "test_files": []
      },
      "PhysicalReset": {
        "source_path": "src/display",
        "has_test": false,
        "test_files": []
      },
      "GpsClient": {
        "source_path": "src/gps",
        "has_test": false,
        "test_files": []
      },
      "TimeManager": {
        "source_path": "src/gps",
        "has_test": false,
        "test_files": []
      },
      "Button_HAL": {
        "source_path": "src/hal",
        "has_test": false,
        "test_files": []
      },
      "Storage_HAL": {
        "source_path": "src/hal",
        "has_test": false,
        "test_files": []
      },
      "NetworkManager": {
        "source_path": "src/network",
        "has_test": false,
        "test_files": []
      },
      "NtpServer": {
        "source_path": "src/network",
        "has_test": false,
        "test_files": []
      },
      "webserver": {
        "source_path": "src/network",
        "has_test": false,
        "test_files": []
      },
      "ErrorHandler": {
        "source_path": "src/system",
        "has_test": false,
        "test_files": []
      },
      "SystemController": {
        "source_path": "src/system",
        "has_test": false,
        "test_files": []
      },
      "PrometheusMetrics": {
        "source_path": "src/system",
        "has_test": false,
        "test_files": []
      },
      "SystemMonitor": {
        "source_path": "src/system",
        "has_test": false,
        "test_files": []
      },
      "TimeUtils": {
        "source_path": "src/utils",
        "has_test": false,
        "test_files": []
      },
      "LogUtils": {
        "source_path": "src/utils",
        "has_test": false,
        "test_files": []
      },
      "I2CUtils": {
        "source_path": "src/utils",
        "has_test": false,
        "test_files": []
      },
      "main": {
        "source_path": "src/main.cpp",
        "has_test": true,
        "test_files": [
          "test_main_simple",
          "test_main_loop_coverage",
          "test_main_coverage"
        ]
      }
    },
    "total_components": 19,
    "tested_components": 1,
    "coverage_percentage": 5.263157894736842
  },
  "performance": {
    "build_size": {},
    "memory_usage": {},
    "flash_usage": {},
    "size_output": "Processing pico (platform: raspberrypi; board: rpipico2; framework: arduino)\n--------------------------------------------------------------------------------\nVerbose mode can be enabled via `-v, --verbose` option\nCONFIGURATION: https://docs.platformio.org/page/boards/raspberrypi/rpipico2.html\nPLATFORM: Raspberry Pi RP2040 (1.14.0+sha.5e4e06b) > Pico 2\nHARDWARE: RP2350 150MHz, 512KB RAM, 4MB Flash\nDEBUG: Current (blackmagic) External (blackmagic, cmsis-dap, jlink, picoprobe, raspberrypi-swd)\nPACKAGES: \n - framework-arduinopico @ 1.40200.0+sha.c4b6521 \n - tool-picotool-rp2040-earlephilhower @ 5.140200.240929 (14.2.0) \n - toolchain-rp2040-earlephilhower @ 5.140200.240929 (14.2.0)\nFlash size: 4.00MB\nSketch size: 3.87MB\nFilesystem size: 0.12MB\nPSRAM size: 0.00MB\nMaximium Sketch size: 4059136 EEPROM start: 0x103ff000 Filesystem start: 0x103df000 Filesystem end: 0x103ff000\nLDF: Library Dependency Finder -> https://bit.ly/configure-pio-ldf\nLDF Modes: Finder ~ chain, Compatibility ~ soft\nFound 75 compatible libraries\nScanning dependencies...\nDependency Graph\n|-- Ethernet @ 2.0.2\n|-- SparkFun u-blox GNSS Arduino Library @ 2.2.27+sha.4e542ba\n|-- OLED SSD1306 - SH1106 @ 1.0.7+sha.f29660f\n|-- QZQSM @ 1.3.0+sha.b5542a8\n|-- QZSSDCX @ 1.0.0+sha.5aef035\n|-- RTClib @ 2.1.4\n|-- ArduinoJson @ 6.21.5\n|-- LittleFS @ 0.1.0\n|-- EEPROM @ 1.0\n|-- SPI @ 1.0\n|-- Wire @ 1.0\nBuilding in release mode\nCalculating size .pio/build/pico/firmware.elf\n   text\t   data\t    bss\t    dec\t    hex\tfilename\n 957080\t  12288\t  15476\t 984844\t  f070c\t.pio/build/pico/firmware.elf\n========================= [SUCCESS] Took 0.85 seconds =========================\n\nEnvironment    Status    Duration\n-------------  --------  ------------\npico           SUCCESS   00:00:00.853\n========================= 1 succeeded in 00:00:00.853 =========================\n"
  }
}